 =====================================   727
 =====================================   910
 =====================================   882
 =====================================   946
 =====================================   910
 =====================================   901
 =====================================   947
 =====================================   895
 =====================================   937
 =====================================   901
 =====================================   901
 =====================================   910
 =====================================   899
 =====================================   882
 =====================================   910
 =====================================   910
 =====================================   946
 =====================================   901
 =====================================   947
 =====================================   727
 =====================================   910
 =====================================   882
 =====================================   946
 =====================================   910
 =====================================   901
 =====================================   947
 =====================================   895
 =====================================   937
 =====================================   901
 =====================================   901
 =====================================   910
 =====================================   899
 =====================================   882
 =====================================   910
 =====================================   910
 =====================================   946
 =====================================   901
 =====================================   947
 =====================================   727
 =====================================   910
 =====================================   882
 =====================================   946
 =====================================   910
 =====================================   901
 =====================================   947
 =====================================   895
 =====================================   937
 =====================================   901
 =====================================   901
 =====================================   910
 =====================================   899
 =====================================   882
 =====================================   910
 =====================================   910
 =====================================   946
 =====================================   901
 =====================================   947
 =====================================   727
 =====================================   910
 =====================================   882
 =====================================   946
 =====================================   910
 =====================================   901
 =====================================   947
 =====================================   895
 =====================================   937
 =====================================   901
 =====================================   901
 =====================================   910
 =====================================   899
 =====================================   882
 =====================================   910
 =====================================   910
 =====================================   946
 =====================================   901
 =====================================   947
 =====================================   727
 =====================================   910
 =====================================   882
 =====================================   946
 =====================================   910
 =====================================   901
 =====================================   947
 =====================================   895
 =====================================   937
 =====================================   901
 =====================================   901
 =====================================   910
 =====================================   899
 =====================================   882
 =====================================   910
 =====================================   910
 =====================================   946
 =====================================   901
 =====================================   947
 =====================================   727
 =====================================   910
 =====================================   882
 =====================================   946
 =====================================   910
 =====================================   901
 =====================================   947
 =====================================   895
 =====================================   937
 =====================================   901
 =====================================   901
 =====================================   910
 =====================================   899
 =====================================   882
 =====================================   910
 =====================================   910
 =====================================   946
 =====================================   901
 =====================================   947
 =====================================   727
 =====================================   910
 =====================================   882
 =====================================   946
 =====================================   910
 =====================================   901
 =====================================   947
 =====================================   895
 =====================================   937
 =====================================   901
 =====================================   901
 =====================================   910
 =====================================   899
 =====================================   928
 =====================================   928
 =====================================   882
 =====================================   910
 =====================================   910
 =====================================   946
 =====================================   901
 =====================================   947
 =====================================   727
 =====================================   910
 =====================================   882
 =====================================   946
 =====================================   910
 =====================================   901
 =====================================   947
 =====================================   895
 =====================================   937
 =====================================   901
 =====================================   901
 =====================================   910
 =====================================   899
 =====================================   882
 =====================================   910
 =====================================   910
 =====================================   946
 =====================================   901
 =====================================   947
 =====================================   727
 =====================================   910
 =====================================   882
 =====================================   946
 =====================================   910
 =====================================   901
 =====================================   947
 =====================================   895
 =====================================   937
 =====================================   901
 =====================================   901
 =====================================   910
 =====================================   899
 =====================================   882
 =====================================   910
 =====================================   910
 =====================================   946
 =====================================   901
 =====================================   947
 =====================================   727
 =====================================   910
 =====================================   882
 =====================================   946
 =====================================   910
 =====================================   901
 =====================================   947
 =====================================   895
 =====================================   937
 =====================================   901
 =====================================   901
 =====================================   910
 =====================================   899
 =====================================   882
 =====================================   910
 =====================================   910
 =====================================   946
 =====================================   901
 =====================================   947
 =====================================   727
 =====================================   910
 =====================================   882
 =====================================   946
 =====================================   910
 =====================================   901
 =====================================   947
 =====================================   895
 =====================================   937
 =====================================   901
 =====================================   901
 =====================================   910
 =====================================   899
 =====================================   882
 =====================================   910
 =====================================   910
 =====================================   946
 =====================================   901
 =====================================   947
 =====================================   727
 =====================================   910
 =====================================   882
 =====================================   946
 =====================================   910
 =====================================   901
 =====================================   947
 =====================================   895
 =====================================   937
 =====================================   901
 =====================================   901
 =====================================   910
 =====================================   899
 =====================================   882
 =====================================   910
 =====================================   910
 =====================================   946
 =====================================   901
 =====================================   947
 =====================================   727
 =====================================   910
 =====================================   882
 =====================================   946
 =====================================   910
 =====================================   901
 =====================================   947
 =====================================   895
 =====================================   937
 =====================================   901
 =====================================   901
 =====================================   910
 =====================================   899
 =====================================   882
 =====================================   910
 =====================================   910
 =====================================   946
 =====================================   901
 =====================================   947
 =====================================   727
 =====================================   910
 =====================================   882
 =====================================   946
 =====================================   910
 =====================================   901
 =====================================   947
 =====================================   895
 =====================================   937
 =====================================   901
 =====================================   901
 =====================================   910
 =====================================   899
 =====================================   928
 =====================================   928
 =====================================   882
 =====================================   910
 =====================================   910
 =====================================   946
 =====================================   901
 =====================================   947
