 NVRM RmIoctl: ioctl 7: src: RmIoctl in escape.c cmd == NV_ESC_RM_CONTROL
 NVRM resControl_IMPL: ioctl 21: src: __resControl__ in re_resource.c resControl_IMPL
 NVRM resControl_IMPL: ioctl 23: src: resControl_IMPL in re_resource.c else
 NVRM resControl_IMPL: ioctl 23: src: resControl_IMPL in re_resource.c line before done
 NVRM serverControl: ioctl 19: src: serverControl in re_server.c After resControl

 NVRM RmIoctl: ioctl 7: src: RmIoctl in escape.c cmd == NV_ESC_RM_CONTROL
 NVRM resControl_IMPL: ioctl 21: src: __resControl__ in re_resource.c resControl_IMPL
 NVRM resControl_IMPL: ioctl 23: src: resControl_IMPL in re_resource.c status == NV_WARN_NOTHING_TO_DO
 NVRM resControl_IMPL: ioctl 23: src: resControl_IMPL in re_resource.c line before done
 NVRM serverControl: ioctl 19: src: serverControl in re_server.c After resControl

 NVRM RmIoctl: ioctl 7: src: RmIoctl in escape.c cmd == NV_ESC_RM_CONTROL
 NVRM resControl_IMPL: ioctl 21: src: __resControl__ in re_resource.c resControl_IMPL
 NVRM resControl_IMPL: ioctl 23: src: resControl_IMPL in re_resource.c status == NV_WARN_NOTHING_TO_DO
 NVRM resControl_IMPL: ioctl 23: src: resControl_IMPL in re_resource.c line before done
 NVRM serverControl: ioctl 19: src: serverControl in re_server.c After resControl

 NVRM RmIoctl: ioctl 7: src: RmIoctl in escape.c cmd == NV_ESC_RM_CONTROL
 NVRM resControl_IMPL: ioctl 21: src: __resControl__ in re_resource.c resControl_IMPL
 NVRM resControl_IMPL: ioctl 23: src: resControl_IMPL in re_resource.c else
 NVRM resControl_IMPL: ioctl 23: src: resControl_IMPL in re_resource.c line before done
 NVRM serverControl: ioctl 19: src: serverControl in re_server.c After resControl

 NVRM RmIoctl: ioctl 7: src: RmIoctl in escape.c cmd == NV_ESC_RM_CONTROL
 NVRM resControl_IMPL: ioctl 21: src: __resControl__ in re_resource.c resControl_IMPL
 NVRM resControl_IMPL: ioctl 23: src: resControl_IMPL in re_resource.c else
 NVRM resControl_IMPL: ioctl 23: src: resControl_IMPL in re_resource.c line before done
 NVRM serverControl: ioctl 19: src: serverControl in re_server.c After resControl

 NVRM RmIoctl: ioctl 7: src: RmIoctl in escape.c cmd == NV_ESC_RM_CONTROL
 NVRM resControl_IMPL: ioctl 21: src: __resControl__ in re_resource.c resControl_IMPL
 NVRM resControl_IMPL: ioctl 23: src: resControl_IMPL in re_resource.c status == NV_WARN_NOTHING_TO_DO
 NVRM resControl_IMPL: ioctl 23: src: resControl_IMPL in re_resource.c line before done
 NVRM serverControl: ioctl 19: src: serverControl in re_server.c After resControl

 NVRM RmIoctl: ioctl 7: src: RmIoctl in escape.c cmd == NV_ESC_RM_CONTROL
 NVRM resControl_IMPL: ioctl 21: src: __resControl__ in re_resource.c resControl_IMPL
 NVRM resControl_IMPL: ioctl 23: src: resControl_IMPL in re_resource.c status == NV_WARN_NOTHING_TO_DO
 NVRM resControl_IMPL: ioctl 23: src: resControl_IMPL in re_resource.c line before done
 NVRM serverControl: ioctl 19: src: serverControl in re_server.c After resControl

 NVRM RmIoctl: ioctl 7: src: RmIoctl in escape.c cmd == NV_ESC_RM_CONTROL
 NVRM resControl_IMPL: ioctl 21: src: __resControl__ in re_resource.c resControl_IMPL
 NVRM resControl_IMPL: ioctl 23: src: resControl_IMPL in re_resource.c else
 NVRM resControl_IMPL: ioctl 23: src: resControl_IMPL in re_resource.c line before done
 NVRM serverControl: ioctl 19: src: serverControl in re_server.c After resControl

 NVRM RmIoctl: ioctl 7: src: RmIoctl in escape.c cmd == NV_ESC_RM_CONTROL
 NVRM resControl_IMPL: ioctl 21: src: __resControl__ in re_resource.c resControl_IMPL
 NVRM resControl_IMPL: ioctl 23: src: resControl_IMPL in re_resource.c status == NV_WARN_NOTHING_TO_DO
 NVRM resControl_IMPL: ioctl 23: src: resControl_IMPL in re_resource.c line before done
 NVRM serverControl: ioctl 19: src: serverControl in re_server.c After resControl

 NVRM RmIoctl: ioctl 7: src: RmIoctl in escape.c cmd == NV_ESC_RM_CONTROL
 NVRM resControl_IMPL: ioctl 21: src: __resControl__ in re_resource.c resControl_IMPL
 NVRM resControl_IMPL: ioctl 23: src: resControl_IMPL in re_resource.c status == NV_WARN_NOTHING_TO_DO
 NVRM resControl_IMPL: ioctl 23: src: resControl_IMPL in re_resource.c line before done
 NVRM serverControl: ioctl 19: src: serverControl in re_server.c After resControl
 
 NVRM RmIoctl: ioctl 7: src: RmIoctl in escape.c cmd == NV_ESC_RM_CONTROL
 NVRM resControl_IMPL: ioctl 21: src: __resControl__ in re_resource.c resControl_IMPL
 NVRM resControl_IMPL: ioctl 23: src: resControl_IMPL in re_resource.c else
 NVRM resControl_IMPL: ioctl 23: src: resControl_IMPL in re_resource.c line before done
 NVRM serverControl: ioctl 19: src: serverControl in re_server.c After resControl

 NVRM RmIoctl: ioctl 7: src: RmIoctl in escape.c cmd == NV_ESC_RM_CONTROL
 NVRM resControl_IMPL: ioctl 21: src: __resControl__ in re_resource.c resControl_IMPL
 NVRM resControl_IMPL: ioctl 23: src: resControl_IMPL in re_resource.c else
 NVRM resControl_IMPL: ioctl 23: src: resControl_IMPL in re_resource.c line before done
 NVRM serverControl: ioctl 19: src: serverControl in re_server.c After resControl

 NVRM RmIoctl: ioctl 7: src: RmIoctl in escape.c cmd == NV_ESC_RM_CONTROL
 NVRM resControl_IMPL: ioctl 21: src: __resControl__ in re_resource.c resControl_IMPL
 NVRM resControl_IMPL: ioctl 23: src: resControl_IMPL in re_resource.c status == NV_WARN_NOTHING_TO_DO
 NVRM resControl_IMPL: ioctl 23: src: resControl_IMPL in re_resource.c line before done
 NVRM serverControl: ioctl 19: src: serverControl in re_server.c After resControl

 NVRM RmIoctl: ioctl 7: src: RmIoctl in escape.c cmd == NV_ESC_RM_CONTROL
 NVRM resControl_IMPL: ioctl 21: src: __resControl__ in re_resource.c resControl_IMPL
 NVRM resControl_IMPL: ioctl 23: src: resControl_IMPL in re_resource.c status == NV_WARN_NOTHING_TO_DO
 NVRM resControl_IMPL: ioctl 23: src: resControl_IMPL in re_resource.c line before done
 NVRM serverControl: ioctl 19: src: serverControl in re_server.c After resControl

 NVRM RmIoctl: ioctl 7: src: RmIoctl in escape.c cmd == NV_ESC_RM_CONTROL
 NVRM resControl_IMPL: ioctl 21: src: __resControl__ in re_resource.c resControl_IMPL
 NVRM resControl_IMPL: ioctl 23: src: resControl_IMPL in re_resource.c else
 NVRM resControl_IMPL: ioctl 23: src: resControl_IMPL in re_resource.c line before done
 NVRM serverControl: ioctl 19: src: serverControl in re_server.c After resControl

 NVRM RmIoctl: ioctl 7: src: RmIoctl in escape.c cmd == NV_ESC_RM_CONTROL
 NVRM resControl_IMPL: ioctl 21: src: __resControl__ in re_resource.c resControl_IMPL
 NVRM resControl_IMPL: ioctl 23: src: resControl_IMPL in re_resource.c status == NV_WARN_NOTHING_TO_DO
 NVRM resControl_IMPL: ioctl 23: src: resControl_IMPL in re_resource.c line before done
 NVRM serverControl: ioctl 19: src: serverControl in re_server.c After resControl

 NVRM RmIoctl: ioctl 7: src: RmIoctl in escape.c cmd == NV_ESC_RM_CONTROL
 NVRM resControl_IMPL: ioctl 21: src: __resControl__ in re_resource.c resControl_IMPL
 NVRM resControl_IMPL: ioctl 23: src: resControl_IMPL in re_resource.c status == NV_WARN_NOTHING_TO_DO
 NVRM resControl_IMPL: ioctl 23: src: resControl_IMPL in re_resource.c line before done
 NVRM serverControl: ioctl 19: src: serverControl in re_server.c After resControl

 NVRM RmIoctl: ioctl 7: src: RmIoctl in escape.c cmd == NV_ESC_RM_CONTROL
 NVRM resControl_IMPL: ioctl 21: src: __resControl__ in re_resource.c resControl_IMPL
 NVRM resControl_IMPL: ioctl 23: src: resControl_IMPL in re_resource.c else
 NVRM resControl_IMPL: ioctl 23: src: resControl_IMPL in re_resource.c line before done
 NVRM serverControl: ioctl 19: src: serverControl in re_server.c After resControl

 NVRM RmIoctl: ioctl 7: src: RmIoctl in escape.c cmd == NV_ESC_RM_CONTROL
 NVRM resControl_IMPL: ioctl 21: src: __resControl__ in re_resource.c resControl_IMPL
 NVRM resControl_IMPL: ioctl 23: src: resControl_IMPL in re_resource.c else
 NVRM resControl_IMPL: ioctl 23: src: resControl_IMPL in re_resource.c line before done
 NVRM serverControl: ioctl 19: src: serverControl in re_server.c After resControl

 NVRM RmIoctl: ioctl 7: src: RmIoctl in escape.c cmd == NV_ESC_RM_CONTROL
 NVRM resControl_IMPL: ioctl 21: src: __resControl__ in re_resource.c resControl_IMPL
 NVRM resControl_IMPL: ioctl 23: src: resControl_IMPL in re_resource.c status == NV_WARN_NOTHING_TO_DO
 NVRM resControl_IMPL: ioctl 23: src: resControl_IMPL in re_resource.c line before done
 NVRM serverControl: ioctl 19: src: serverControl in re_server.c After resControl

 NVRM RmIoctl: ioctl 7: src: RmIoctl in escape.c cmd == NV_ESC_RM_CONTROL
 NVRM resControl_IMPL: ioctl 21: src: __resControl__ in re_resource.c resControl_IMPL
 NVRM resControl_IMPL: ioctl 23: src: resControl_IMPL in re_resource.c status == NV_WARN_NOTHING_TO_DO
 NVRM resControl_IMPL: ioctl 23: src: resControl_IMPL in re_resource.c line before done
 NVRM serverControl: ioctl 19: src: serverControl in re_server.c After resControl

 NVRM RmIoctl: ioctl 7: src: RmIoctl in escape.c cmd == NV_ESC_RM_CONTROL
 NVRM resControl_IMPL: ioctl 21: src: __resControl__ in re_resource.c resControl_IMPL
 NVRM resControl_IMPL: ioctl 23: src: resControl_IMPL in re_resource.c else
 NVRM resControl_IMPL: ioctl 23: src: resControl_IMPL in re_resource.c line before done
 NVRM serverControl: ioctl 19: src: serverControl in re_server.c After resControl

 NVRM RmIoctl: ioctl 7: src: RmIoctl in escape.c cmd == NV_ESC_RM_CONTROL
 NVRM resControl_IMPL: ioctl 21: src: __resControl__ in re_resource.c resControl_IMPL
 NVRM resControl_IMPL: ioctl 23: src: resControl_IMPL in re_resource.c status == NV_WARN_NOTHING_TO_DO
 NVRM resControl_IMPL: ioctl 23: src: resControl_IMPL in re_resource.c line before done
 NVRM serverControl: ioctl 19: src: serverControl in re_server.c After resControl

 NVRM RmIoctl: ioctl 7: src: RmIoctl in escape.c cmd == NV_ESC_RM_CONTROL
 NVRM resControl_IMPL: ioctl 21: src: __resControl__ in re_resource.c resControl_IMPL
 NVRM resControl_IMPL: ioctl 23: src: resControl_IMPL in re_resource.c status == NV_WARN_NOTHING_TO_DO
 NVRM resControl_IMPL: ioctl 23: src: resControl_IMPL in re_resource.c line before done
 NVRM serverControl: ioctl 19: src: serverControl in re_server.c After resControl

 NVRM RmIoctl: ioctl 7: src: RmIoctl in escape.c cmd == NV_ESC_RM_CONTROL
 NVRM resControl_IMPL: ioctl 21: src: __resControl__ in re_resource.c resControl_IMPL
 NVRM resControl_IMPL: ioctl 23: src: resControl_IMPL in re_resource.c else
 NVRM resControl_IMPL: ioctl 23: src: resControl_IMPL in re_resource.c line before done
 NVRM serverControl: ioctl 19: src: serverControl in re_server.c After resControl

 NVRM RmIoctl: ioctl 7: src: RmIoctl in escape.c cmd == NV_ESC_RM_CONTROL
 NVRM resControl_IMPL: ioctl 21: src: __resControl__ in re_resource.c resControl_IMPL
 NVRM resControl_IMPL: ioctl 23: src: resControl_IMPL in re_resource.c else
 NVRM resControl_IMPL: ioctl 23: src: resControl_IMPL in re_resource.c line before done
 NVRM serverControl: ioctl 19: src: serverControl in re_server.c After resControl

 NVRM RmIoctl: ioctl 7: src: RmIoctl in escape.c cmd == NV_ESC_RM_CONTROL
 NVRM resControl_IMPL: ioctl 21: src: __resControl__ in re_resource.c resControl_IMPL
 NVRM resControl_IMPL: ioctl 23: src: resControl_IMPL in re_resource.c status == NV_WARN_NOTHING_TO_DO
 NVRM resControl_IMPL: ioctl 23: src: resControl_IMPL in re_resource.c line before done
 NVRM serverControl: ioctl 19: src: serverControl in re_server.c After resControl

 NVRM RmIoctl: ioctl 7: src: RmIoctl in escape.c cmd == NV_ESC_RM_CONTROL
 NVRM resControl_IMPL: ioctl 21: src: __resControl__ in re_resource.c resControl_IMPL
 NVRM resControl_IMPL: ioctl 23: src: resControl_IMPL in re_resource.c status == NV_WARN_NOTHING_TO_DO
 NVRM resControl_IMPL: ioctl 23: src: resControl_IMPL in re_resource.c line before done
 NVRM serverControl: ioctl 19: src: serverControl in re_server.c After resControl

 NVRM RmIoctl: ioctl 7: src: RmIoctl in escape.c cmd == NV_ESC_RM_CONTROL
 NVRM resControl_IMPL: ioctl 21: src: __resControl__ in re_resource.c resControl_IMPL
 NVRM resControl_IMPL: ioctl 23: src: resControl_IMPL in re_resource.c else
 NVRM resControl_IMPL: ioctl 23: src: resControl_IMPL in re_resource.c line before done
 NVRM serverControl: ioctl 19: src: serverControl in re_server.c After resControl

 NVRM RmIoctl: ioctl 7: src: RmIoctl in escape.c cmd == NV_ESC_RM_CONTROL
 NVRM resControl_IMPL: ioctl 21: src: __resControl__ in re_resource.c resControl_IMPL
 NVRM resControl_IMPL: ioctl 23: src: resControl_IMPL in re_resource.c else
 NVRM resControl_IMPL: ioctl 23: src: resControl_IMPL in re_resource.c line before done
 NVRM serverControl: ioctl 19: src: serverControl in re_server.c After resControl

 NVRM RmIoctl: ioctl 7: src: RmIoctl in escape.c cmd == NV_ESC_RM_CONTROL
 NVRM resControl_IMPL: ioctl 21: src: __resControl__ in re_resource.c resControl_IMPL
 NVRM resControl_IMPL: ioctl 23: src: resControl_IMPL in re_resource.c status == NV_WARN_NOTHING_TO_DO
 NVRM resControl_IMPL: ioctl 23: src: resControl_IMPL in re_resource.c line before done
 NVRM serverControl: ioctl 19: src: serverControl in re_server.c After resControl

 NVRM RmIoctl: ioctl 7: src: RmIoctl in escape.c cmd == NV_ESC_RM_CONTROL
 NVRM resControl_IMPL: ioctl 21: src: __resControl__ in re_resource.c resControl_IMPL
 NVRM resControl_IMPL: ioctl 23: src: resControl_IMPL in re_resource.c status == NV_WARN_NOTHING_TO_DO
 NVRM resControl_IMPL: ioctl 23: src: resControl_IMPL in re_resource.c line before done
 NVRM serverControl: ioctl 19: src: serverControl in re_server.c After resControl

 NVRM RmIoctl: ioctl 7: src: RmIoctl in escape.c cmd == NV_ESC_RM_CONTROL
 NVRM resControl_IMPL: ioctl 21: src: __resControl__ in re_resource.c resControl_IMPL
 NVRM resControl_IMPL: ioctl 23: src: resControl_IMPL in re_resource.c else
 NVRM resControl_IMPL: ioctl 23: src: resControl_IMPL in re_resource.c line before done
 NVRM serverControl: ioctl 19: src: serverControl in re_server.c After resControl

 NVRM RmIoctl: ioctl 7: src: RmIoctl in escape.c cmd == NV_ESC_RM_CONTROL
 NVRM resControl_IMPL: ioctl 21: src: __resControl__ in re_resource.c resControl_IMPL
 NVRM resControl_IMPL: ioctl 23: src: resControl_IMPL in re_resource.c else
 NVRM resControl_IMPL: ioctl 23: src: resControl_IMPL in re_resource.c line before done
 NVRM serverControl: ioctl 19: src: serverControl in re_server.c After resControl

 NVRM RmIoctl: ioctl 7: src: RmIoctl in escape.c cmd == NV_ESC_RM_CONTROL
 NVRM resControl_IMPL: ioctl 21: src: __resControl__ in re_resource.c resControl_IMPL
 NVRM resControl_IMPL: ioctl 23: src: resControl_IMPL in re_resource.c status == NV_WARN_NOTHING_TO_DO
 NVRM resControl_IMPL: ioctl 23: src: resControl_IMPL in re_resource.c line before done
 NVRM serverControl: ioctl 19: src: serverControl in re_server.c After resControl

 NVRM RmIoctl: ioctl 7: src: RmIoctl in escape.c cmd == NV_ESC_RM_CONTROL
 NVRM resControl_IMPL: ioctl 21: src: __resControl__ in re_resource.c resControl_IMPL
 NVRM resControl_IMPL: ioctl 23: src: resControl_IMPL in re_resource.c status == NV_WARN_NOTHING_TO_DO
 NVRM resControl_IMPL: ioctl 23: src: resControl_IMPL in re_resource.c line before done
 NVRM serverControl: ioctl 19: src: serverControl in re_server.c After resControl

 NVRM RmIoctl: ioctl 7: src: RmIoctl in escape.c cmd == NV_ESC_RM_CONTROL
 NVRM resControl_IMPL: ioctl 21: src: __resControl__ in re_resource.c resControl_IMPL
 NVRM resControl_IMPL: ioctl 23: src: resControl_IMPL in re_resource.c else
 NVRM resControl_IMPL: ioctl 23: src: resControl_IMPL in re_resource.c line before done
 NVRM serverControl: ioctl 19: src: serverControl in re_server.c After resControl

 NVRM RmIoctl: ioctl 7: src: RmIoctl in escape.c cmd == NV_ESC_RM_CONTROL
 NVRM resControl_IMPL: ioctl 21: src: __resControl__ in re_resource.c resControl_IMPL
 NVRM resControl_IMPL: ioctl 23: src: resControl_IMPL in re_resource.c else
 NVRM resControl_IMPL: ioctl 23: src: resControl_IMPL in re_resource.c line before done
 NVRM serverControl: ioctl 19: src: serverControl in re_server.c After resControl

 NVRM RmIoctl: ioctl 7: src: RmIoctl in escape.c cmd == NV_ESC_RM_CONTROL
 NVRM resControl_IMPL: ioctl 21: src: __resControl__ in re_resource.c resControl_IMPL
 NVRM resControl_IMPL: ioctl 23: src: resControl_IMPL in re_resource.c else
 NVRM resControl_IMPL: ioctl 23: src: resControl_IMPL in re_resource.c line before done
 NVRM serverControl: ioctl 19: src: serverControl in re_server.c After resControl

 NVRM RmIoctl: ioctl 7: src: RmIoctl in escape.c cmd == NV_ESC_RM_CONTROL
 NVRM resControl_IMPL: ioctl 21: src: __resControl__ in re_resource.c resControl_IMPL
 NVRM resControl_IMPL: ioctl 23: src: resControl_IMPL in re_resource.c else
 NVRM resControl_IMPL: ioctl 23: src: resControl_IMPL in re_resource.c line before done
 NVRM serverControl: ioctl 19: src: serverControl in re_server.c After resControl

 NVRM RmIoctl: ioctl 7: src: RmIoctl in escape.c cmd == NV_ESC_RM_CONTROL
 NVRM resControl_IMPL: ioctl 21: src: __resControl__ in re_resource.c resControl_IMPL
 NVRM resControl_IMPL: ioctl 23: src: resControl_IMPL in re_resource.c else
 NVRM resControl_IMPL: ioctl 23: src: resControl_IMPL in re_resource.c line before done
 NVRM serverControl: ioctl 19: src: serverControl in re_server.c After resControl

 NVRM RmIoctl: ioctl 7: src: RmIoctl in escape.c cmd == NV_ESC_RM_CONTROL
 NVRM resControl_IMPL: ioctl 21: src: __resControl__ in re_resource.c resControl_IMPL
 NVRM resControl_IMPL: ioctl 23: src: resControl_IMPL in re_resource.c else
 NVRM resControl_IMPL: ioctl 23: src: resControl_IMPL in re_resource.c line before done
 NVRM serverControl: ioctl 19: src: serverControl in re_server.c After resControl

 NVRM RmIoctl: ioctl 7: src: RmIoctl in escape.c cmd == NV_ESC_RM_CONTROL
 NVRM resControl_IMPL: ioctl 21: src: __resControl__ in re_resource.c resControl_IMPL
 NVRM resControl_IMPL: ioctl 23: src: resControl_IMPL in re_resource.c else
 NVRM resControl_IMPL: ioctl 23: src: resControl_IMPL in re_resource.c line before done
 NVRM serverControl: ioctl 19: src: serverControl in re_server.c After resControl

 NVRM RmIoctl: ioctl 7: src: RmIoctl in escape.c cmd == NV_ESC_RM_CONTROL
 NVRM resControl_IMPL: ioctl 21: src: __resControl__ in re_resource.c resControl_IMPL
 NVRM resControl_IMPL: ioctl 23: src: resControl_IMPL in re_resource.c else
 NVRM resControl_IMPL: ioctl 23: src: resControl_IMPL in re_resource.c line before done
 NVRM serverControl: ioctl 19: src: serverControl in re_server.c After resControl

 NVRM RmIoctl: ioctl 7: src: RmIoctl in escape.c cmd == NV_ESC_RM_CONTROL
 NVRM resControl_IMPL: ioctl 21: src: __resControl__ in re_resource.c resControl_IMPL
 NVRM resControl_IMPL: ioctl 23: src: resControl_IMPL in re_resource.c else
 NVRM resControl_IMPL: ioctl 23: src: resControl_IMPL in re_resource.c line before done
 NVRM serverControl: ioctl 19: src: serverControl in re_server.c After resControl

 NVRM RmIoctl: ioctl 7: src: RmIoctl in escape.c cmd == NV_ESC_RM_CONTROL
 NVRM resControl_IMPL: ioctl 21: src: __resControl__ in re_resource.c resControl_IMPL
 NVRM resControl_IMPL: ioctl 23: src: resControl_IMPL in re_resource.c else
 NVRM resControl_IMPL: ioctl 23: src: resControl_IMPL in re_resource.c line before done
 NVRM serverControl: ioctl 19: src: serverControl in re_server.c After resControl

 NVRM RmIoctl: ioctl 7: src: RmIoctl in escape.c cmd == NV_ESC_RM_CONTROL
 NVRM resControl_IMPL: ioctl 21: src: __resControl__ in re_resource.c resControl_IMPL
 NVRM resControl_IMPL: ioctl 23: src: resControl_IMPL in re_resource.c else
 NVRM resControl_IMPL: ioctl 23: src: resControl_IMPL in re_resource.c line before done
 NVRM serverControl: ioctl 19: src: serverControl in re_server.c After resControl

 NVRM RmIoctl: ioctl 7: src: RmIoctl in escape.c cmd == NV_ESC_RM_CONTROL
 NVRM resControl_IMPL: ioctl 21: src: __resControl__ in re_resource.c resControl_IMPL
 NVRM resControl_IMPL: ioctl 23: src: resControl_IMPL in re_resource.c else
 NVRM resControl_IMPL: ioctl 23: src: resControl_IMPL in re_resource.c line before done
 NVRM serverControl: ioctl 19: src: serverControl in re_server.c After resControl

 NVRM RmIoctl: ioctl 7: src: RmIoctl in escape.c cmd == NV_ESC_RM_CONTROL
 NVRM resControl_IMPL: ioctl 21: src: __resControl__ in re_resource.c resControl_IMPL
 NVRM resControl_IMPL: ioctl 23: src: resControl_IMPL in re_resource.c else
 NVRM resControl_IMPL: ioctl 23: src: resControl_IMPL in re_resource.c line before done
 NVRM serverControl: ioctl 19: src: serverControl in re_server.c After resControl

 NVRM RmIoctl: ioctl 7: src: RmIoctl in escape.c cmd == NV_ESC_RM_CONTROL
 NVRM resControl_IMPL: ioctl 21: src: __resControl__ in re_resource.c resControl_IMPL
 NVRM resControl_IMPL: ioctl 23: src: resControl_IMPL in re_resource.c else
 NVRM resControl_IMPL: ioctl 23: src: resControl_IMPL in re_resource.c line before done
 NVRM serverControl: ioctl 19: src: serverControl in re_server.c After resControl

 NVRM RmIoctl: ioctl 7: src: RmIoctl in escape.c cmd == NV_ESC_RM_CONTROL
 NVRM resControl_IMPL: ioctl 21: src: __resControl__ in re_resource.c resControl_IMPL
 NVRM resControl_IMPL: ioctl 23: src: resControl_IMPL in re_resource.c else
 NVRM resControl_IMPL: ioctl 23: src: resControl_IMPL in re_resource.c line before done
 NVRM serverControl: ioctl 19: src: serverControl in re_server.c After resControl

 NVRM RmIoctl: ioctl 7: src: RmIoctl in escape.c cmd == NV_ESC_RM_CONTROL
 NVRM resControl_IMPL: ioctl 21: src: __resControl__ in re_resource.c resControl_IMPL
 NVRM resControl_IMPL: ioctl 23: src: resControl_IMPL in re_resource.c else
 NVRM resControl_IMPL: ioctl 23: src: resControl_IMPL in re_resource.c line before done
 NVRM serverControl: ioctl 19: src: serverControl in re_server.c After resControl

 NVRM RmIoctl: ioctl 7: src: RmIoctl in escape.c cmd == NV_ESC_RM_CONTROL
 NVRM resControl_IMPL: ioctl 21: src: __resControl__ in re_resource.c resControl_IMPL
 NVRM resControl_IMPL: ioctl 23: src: resControl_IMPL in re_resource.c else
 NVRM resControl_IMPL: ioctl 23: src: resControl_IMPL in re_resource.c line before done
 NVRM serverControl: ioctl 19: src: serverControl in re_server.c After resControl

 NVRM RmIoctl: ioctl 7: src: RmIoctl in escape.c cmd == NV_ESC_RM_CONTROL
 NVRM resControl_IMPL: ioctl 21: src: __resControl__ in re_resource.c resControl_IMPL
 NVRM resControl_IMPL: ioctl 23: src: resControl_IMPL in re_resource.c else
 NVRM resControl_IMPL: ioctl 23: src: resControl_IMPL in re_resource.c line before done
 NVRM serverControl: ioctl 19: src: serverControl in re_server.c After resControl
 
 NVRM RmIoctl: ioctl 7: src: RmIoctl in escape.c cmd == NV_ESC_RM_CONTROL
 NVRM resControl_IMPL: ioctl 21: src: __resControl__ in re_resource.c resControl_IMPL
 NVRM resControl_IMPL: ioctl 23: src: resControl_IMPL in re_resource.c else
 NVRM resControl_IMPL: ioctl 23: src: resControl_IMPL in re_resource.c line before done
 NVRM serverControl: ioctl 19: src: serverControl in re_server.c After resControl
