 NVRM RmIoctl: ioctl 7: src: RmIoctl in escape.c cmd == NV_ESC_RM_CONTROL
 NVRM resControl_IMPL: ioctl 21: src: __resControl__ in re_resource.c resControl_IMPL
 NVRM resControl_IMPL: ioctl 23: src: resControl_IMPL in re_resource.c else
 NVRM resControl_IMPL: ioctl 24: src: resControl_IMPL in re_resource.c else else
 NVRM resControl_IMPL: ioctl 24: src: resControl_IMPL in re_resource.c else else pFunc = 3239385600
 NVRM resControl_IMPL: ioctl 24: src: resControl_IMPL in re_resource.c else else methodId = 2212365078
 NVRM ksmdbgssnCtrlCmdDebugWriteMemory_IMPL: ioctl 25: src: pFunc in kernel_sm_debugger_session_ctrl.c ksmdbgssnCtrlCmdDebugWriteMemory_IMPL
 NVRM _nv83deCtrlCmdDebugAccessMemory: ioctl 26: src: pFunc in kernel_sm_debugger_session_ctrl.c _nv83deCtrlCmdDebugAccessMemory
 NVRM _nv83deCtrlCmdDebugAccessMemory: ioctl 26: src: pFunc in kernel_sm_debugger_session_ctrl.c _nv83deCtrlCmdDebugAccessMemory line before cleanup_mapping
 NVRM resControl_IMPL: ioctl 23: src: resControl_IMPL in re_resource.c line before done
 NVRM serverControl: ioctl 19: src: serverControl in re_server.c After resControl
 NVRM RmIoctl: ioctl 7: src: RmIoctl in escape.c cmd == NV_ESC_RM_CONTROL
 NVRM resControl_IMPL: ioctl 21: src: __resControl__ in re_resource.c resControl_IMPL
 NVRM resControl_IMPL: ioctl 23: src: resControl_IMPL in re_resource.c status == NV_WARN_NOTHING_TO_DO
 NVRM resControl_IMPL: ioctl 23: src: resControl_IMPL in re_resource.c line before done
 NVRM serverControl: ioctl 19: src: serverControl in re_server.c After resControl
 NVRM RmIoctl: ioctl 7: src: RmIoctl in escape.c cmd == NV_ESC_RM_CONTROL
 NVRM resControl_IMPL: ioctl 21: src: __resControl__ in re_resource.c resControl_IMPL
 NVRM resControl_IMPL: ioctl 23: src: resControl_IMPL in re_resource.c status == NV_WARN_NOTHING_TO_DO
 NVRM resControl_IMPL: ioctl 23: src: resControl_IMPL in re_resource.c line before done
 NVRM serverControl: ioctl 19: src: serverControl in re_server.c After resControl
 NVRM RmIoctl: ioctl 7: src: RmIoctl in escape.c cmd == NV_ESC_RM_CONTROL
 NVRM resControl_IMPL: ioctl 21: src: __resControl__ in re_resource.c resControl_IMPL
 NVRM resControl_IMPL: ioctl 23: src: resControl_IMPL in re_resource.c else
 NVRM resControl_IMPL: ioctl 24: src: resControl_IMPL in re_resource.c else else
 NVRM resControl_IMPL: ioctl 24: src: resControl_IMPL in re_resource.c else else pFunc = 3239385440
 NVRM resControl_IMPL: ioctl 24: src: resControl_IMPL in re_resource.c else else methodId = 2212365077
 NVRM ksmdbgssnCtrlCmdDebugReadMemory_IMPL: ioctl 25: src: pFunc in kernel_sm_debugger_session_ctrl.c ksmdbgssnCtrlCmdDebugReadMemory_IMPL
 NVRM _nv83deCtrlCmdDebugAccessMemory: ioctl 26: src: pFunc in kernel_sm_debugger_session_ctrl.c _nv83deCtrlCmdDebugAccessMemory
 NVRM _nv83deCtrlCmdDebugAccessMemory: ioctl 26: src: pFunc in kernel_sm_debugger_session_ctrl.c _nv83deCtrlCmdDebugAccessMemory line before cleanup_mapping
 NVRM resControl_IMPL: ioctl 23: src: resControl_IMPL in re_resource.c line before done
 NVRM serverControl: ioctl 19: src: serverControl in re_server.c After resControl
 NVRM RmIoctl: ioctl 7: src: RmIoctl in escape.c cmd == NV_ESC_RM_CONTROL
 NVRM resControl_IMPL: ioctl 21: src: __resControl__ in re_resource.c resControl_IMPL
 NVRM resControl_IMPL: ioctl 23: src: resControl_IMPL in re_resource.c else
 NVRM resControl_IMPL: ioctl 24: src: resControl_IMPL in re_resource.c else else
 NVRM resControl_IMPL: ioctl 24: src: resControl_IMPL in re_resource.c else else pFunc = 3239385440
 NVRM resControl_IMPL: ioctl 24: src: resControl_IMPL in re_resource.c else else methodId = 2212365077
 NVRM ksmdbgssnCtrlCmdDebugReadMemory_IMPL: ioctl 25: src: pFunc in kernel_sm_debugger_session_ctrl.c ksmdbgssnCtrlCmdDebugReadMemory_IMPL
 NVRM _nv83deCtrlCmdDebugAccessMemory: ioctl 26: src: pFunc in kernel_sm_debugger_session_ctrl.c _nv83deCtrlCmdDebugAccessMemory
 NVRM _nv83deCtrlCmdDebugAccessMemory: ioctl 26: src: pFunc in kernel_sm_debugger_session_ctrl.c _nv83deCtrlCmdDebugAccessMemory line before cleanup_mapping
 NVRM resControl_IMPL: ioctl 23: src: resControl_IMPL in re_resource.c line before done
 NVRM serverControl: ioctl 19: src: serverControl in re_server.c After resControl
 NVRM RmIoctl: ioctl 7: src: RmIoctl in escape.c cmd == NV_ESC_RM_CONTROL
 NVRM resControl_IMPL: ioctl 21: src: __resControl__ in re_resource.c resControl_IMPL
 NVRM resControl_IMPL: ioctl 23: src: resControl_IMPL in re_resource.c status == NV_WARN_NOTHING_TO_DO
 NVRM resControl_IMPL: ioctl 23: src: resControl_IMPL in re_resource.c line before done
 NVRM serverControl: ioctl 19: src: serverControl in re_server.c After resControl
 NVRM RmIoctl: ioctl 7: src: RmIoctl in escape.c cmd == NV_ESC_RM_CONTROL
 NVRM resControl_IMPL: ioctl 21: src: __resControl__ in re_resource.c resControl_IMPL
 NVRM resControl_IMPL: ioctl 23: src: resControl_IMPL in re_resource.c status == NV_WARN_NOTHING_TO_DO
 NVRM resControl_IMPL: ioctl 23: src: resControl_IMPL in re_resource.c line before done
 NVRM serverControl: ioctl 19: src: serverControl in re_server.c After resControl
 NVRM RmIoctl: ioctl 7: src: RmIoctl in escape.c cmd == NV_ESC_RM_CONTROL
 NVRM resControl_IMPL: ioctl 21: src: __resControl__ in re_resource.c resControl_IMPL
 NVRM resControl_IMPL: ioctl 23: src: resControl_IMPL in re_resource.c else
 NVRM resControl_IMPL: ioctl 24: src: resControl_IMPL in re_resource.c else else
 NVRM resControl_IMPL: ioctl 24: src: resControl_IMPL in re_resource.c else else pFunc = 3239385600
 NVRM resControl_IMPL: ioctl 24: src: resControl_IMPL in re_resource.c else else methodId = 2212365078
 NVRM ksmdbgssnCtrlCmdDebugWriteMemory_IMPL: ioctl 25: src: pFunc in kernel_sm_debugger_session_ctrl.c ksmdbgssnCtrlCmdDebugWriteMemory_IMPL
 NVRM _nv83deCtrlCmdDebugAccessMemory: ioctl 26: src: pFunc in kernel_sm_debugger_session_ctrl.c _nv83deCtrlCmdDebugAccessMemory
 NVRM _nv83deCtrlCmdDebugAccessMemory: ioctl 26: src: pFunc in kernel_sm_debugger_session_ctrl.c _nv83deCtrlCmdDebugAccessMemory line before cleanup_mapping
 NVRM resControl_IMPL: ioctl 23: src: resControl_IMPL in re_resource.c line before done
 NVRM serverControl: ioctl 19: src: serverControl in re_server.c After resControl
 NVRM RmIoctl: ioctl 7: src: RmIoctl in escape.c cmd == NV_ESC_RM_CONTROL
 NVRM resControl_IMPL: ioctl 21: src: __resControl__ in re_resource.c resControl_IMPL
 NVRM resControl_IMPL: ioctl 23: src: resControl_IMPL in re_resource.c status == NV_WARN_NOTHING_TO_DO
 NVRM resControl_IMPL: ioctl 23: src: resControl_IMPL in re_resource.c line before done
 NVRM serverControl: ioctl 19: src: serverControl in re_server.c After resControl
 NVRM RmIoctl: ioctl 7: src: RmIoctl in escape.c cmd == NV_ESC_RM_CONTROL
 NVRM resControl_IMPL: ioctl 21: src: __resControl__ in re_resource.c resControl_IMPL
 NVRM resControl_IMPL: ioctl 23: src: resControl_IMPL in re_resource.c status == NV_WARN_NOTHING_TO_DO
 NVRM resControl_IMPL: ioctl 23: src: resControl_IMPL in re_resource.c line before done
 NVRM serverControl: ioctl 19: src: serverControl in re_server.c After resControl
 NVRM RmIoctl: ioctl 7: src: RmIoctl in escape.c cmd == NV_ESC_RM_CONTROL
 NVRM resControl_IMPL: ioctl 21: src: __resControl__ in re_resource.c resControl_IMPL
 NVRM resControl_IMPL: ioctl 23: src: resControl_IMPL in re_resource.c else
 NVRM resControl_IMPL: ioctl 24: src: resControl_IMPL in re_resource.c else else
 NVRM resControl_IMPL: ioctl 24: src: resControl_IMPL in re_resource.c else else pFunc = 3239385440
 NVRM resControl_IMPL: ioctl 24: src: resControl_IMPL in re_resource.c else else methodId = 2212365077
 NVRM ksmdbgssnCtrlCmdDebugReadMemory_IMPL: ioctl 25: src: pFunc in kernel_sm_debugger_session_ctrl.c ksmdbgssnCtrlCmdDebugReadMemory_IMPL
 NVRM _nv83deCtrlCmdDebugAccessMemory: ioctl 26: src: pFunc in kernel_sm_debugger_session_ctrl.c _nv83deCtrlCmdDebugAccessMemory
 NVRM _nv83deCtrlCmdDebugAccessMemory: ioctl 26: src: pFunc in kernel_sm_debugger_session_ctrl.c _nv83deCtrlCmdDebugAccessMemory line before cleanup_mapping
 NVRM resControl_IMPL: ioctl 23: src: resControl_IMPL in re_resource.c line before done
 NVRM serverControl: ioctl 19: src: serverControl in re_server.c After resControl
 NVRM RmIoctl: ioctl 7: src: RmIoctl in escape.c cmd == NV_ESC_RM_CONTROL
 NVRM resControl_IMPL: ioctl 21: src: __resControl__ in re_resource.c resControl_IMPL
 NVRM resControl_IMPL: ioctl 23: src: resControl_IMPL in re_resource.c else
 NVRM resControl_IMPL: ioctl 24: src: resControl_IMPL in re_resource.c else else
 NVRM resControl_IMPL: ioctl 24: src: resControl_IMPL in re_resource.c else else pFunc = 3239385440
 NVRM resControl_IMPL: ioctl 24: src: resControl_IMPL in re_resource.c else else methodId = 2212365077
 NVRM ksmdbgssnCtrlCmdDebugReadMemory_IMPL: ioctl 25: src: pFunc in kernel_sm_debugger_session_ctrl.c ksmdbgssnCtrlCmdDebugReadMemory_IMPL
 NVRM _nv83deCtrlCmdDebugAccessMemory: ioctl 26: src: pFunc in kernel_sm_debugger_session_ctrl.c _nv83deCtrlCmdDebugAccessMemory
 NVRM _nv83deCtrlCmdDebugAccessMemory: ioctl 26: src: pFunc in kernel_sm_debugger_session_ctrl.c _nv83deCtrlCmdDebugAccessMemory line before cleanup_mapping
 NVRM resControl_IMPL: ioctl 23: src: resControl_IMPL in re_resource.c line before done
 NVRM serverControl: ioctl 19: src: serverControl in re_server.c After resControl
 NVRM RmIoctl: ioctl 7: src: RmIoctl in escape.c cmd == NV_ESC_RM_CONTROL
 NVRM resControl_IMPL: ioctl 21: src: __resControl__ in re_resource.c resControl_IMPL
 NVRM resControl_IMPL: ioctl 23: src: resControl_IMPL in re_resource.c status == NV_WARN_NOTHING_TO_DO
 NVRM resControl_IMPL: ioctl 23: src: resControl_IMPL in re_resource.c line before done
 NVRM serverControl: ioctl 19: src: serverControl in re_server.c After resControl
 NVRM RmIoctl: ioctl 7: src: RmIoctl in escape.c cmd == NV_ESC_RM_CONTROL
 NVRM resControl_IMPL: ioctl 21: src: __resControl__ in re_resource.c resControl_IMPL
 NVRM resControl_IMPL: ioctl 23: src: resControl_IMPL in re_resource.c status == NV_WARN_NOTHING_TO_DO
 NVRM resControl_IMPL: ioctl 23: src: resControl_IMPL in re_resource.c line before done
 NVRM serverControl: ioctl 19: src: serverControl in re_server.c After resControl
 NVRM RmIoctl: ioctl 7: src: RmIoctl in escape.c cmd == NV_ESC_RM_CONTROL
 NVRM resControl_IMPL: ioctl 21: src: __resControl__ in re_resource.c resControl_IMPL
 NVRM resControl_IMPL: ioctl 23: src: resControl_IMPL in re_resource.c else
 NVRM resControl_IMPL: ioctl 24: src: resControl_IMPL in re_resource.c else else
 NVRM resControl_IMPL: ioctl 24: src: resControl_IMPL in re_resource.c else else pFunc = 3239385600
 NVRM resControl_IMPL: ioctl 24: src: resControl_IMPL in re_resource.c else else methodId = 2212365078
 NVRM ksmdbgssnCtrlCmdDebugWriteMemory_IMPL: ioctl 25: src: pFunc in kernel_sm_debugger_session_ctrl.c ksmdbgssnCtrlCmdDebugWriteMemory_IMPL
 NVRM _nv83deCtrlCmdDebugAccessMemory: ioctl 26: src: pFunc in kernel_sm_debugger_session_ctrl.c _nv83deCtrlCmdDebugAccessMemory
 NVRM _nv83deCtrlCmdDebugAccessMemory: ioctl 26: src: pFunc in kernel_sm_debugger_session_ctrl.c _nv83deCtrlCmdDebugAccessMemory line before cleanup_mapping
 NVRM resControl_IMPL: ioctl 23: src: resControl_IMPL in re_resource.c line before done
 NVRM serverControl: ioctl 19: src: serverControl in re_server.c After resControl
 NVRM RmIoctl: ioctl 7: src: RmIoctl in escape.c cmd == NV_ESC_RM_CONTROL
 NVRM resControl_IMPL: ioctl 21: src: __resControl__ in re_resource.c resControl_IMPL
 NVRM resControl_IMPL: ioctl 23: src: resControl_IMPL in re_resource.c status == NV_WARN_NOTHING_TO_DO
 NVRM resControl_IMPL: ioctl 23: src: resControl_IMPL in re_resource.c line before done
 NVRM serverControl: ioctl 19: src: serverControl in re_server.c After resControl
 NVRM RmIoctl: ioctl 7: src: RmIoctl in escape.c cmd == NV_ESC_RM_CONTROL
 NVRM resControl_IMPL: ioctl 21: src: __resControl__ in re_resource.c resControl_IMPL
 NVRM resControl_IMPL: ioctl 23: src: resControl_IMPL in re_resource.c status == NV_WARN_NOTHING_TO_DO
 NVRM resControl_IMPL: ioctl 23: src: resControl_IMPL in re_resource.c line before done
 NVRM serverControl: ioctl 19: src: serverControl in re_server.c After resControl
 NVRM RmIoctl: ioctl 7: src: RmIoctl in escape.c cmd == NV_ESC_RM_CONTROL
 NVRM resControl_IMPL: ioctl 21: src: __resControl__ in re_resource.c resControl_IMPL
 NVRM resControl_IMPL: ioctl 23: src: resControl_IMPL in re_resource.c else
 NVRM resControl_IMPL: ioctl 24: src: resControl_IMPL in re_resource.c else else
 NVRM resControl_IMPL: ioctl 24: src: resControl_IMPL in re_resource.c else else pFunc = 3239385440
 NVRM resControl_IMPL: ioctl 24: src: resControl_IMPL in re_resource.c else else methodId = 2212365077
 NVRM ksmdbgssnCtrlCmdDebugReadMemory_IMPL: ioctl 25: src: pFunc in kernel_sm_debugger_session_ctrl.c ksmdbgssnCtrlCmdDebugReadMemory_IMPL
 NVRM _nv83deCtrlCmdDebugAccessMemory: ioctl 26: src: pFunc in kernel_sm_debugger_session_ctrl.c _nv83deCtrlCmdDebugAccessMemory
 NVRM _nv83deCtrlCmdDebugAccessMemory: ioctl 26: src: pFunc in kernel_sm_debugger_session_ctrl.c _nv83deCtrlCmdDebugAccessMemory line before cleanup_mapping
 NVRM resControl_IMPL: ioctl 23: src: resControl_IMPL in re_resource.c line before done
 NVRM serverControl: ioctl 19: src: serverControl in re_server.c After resControl
 NVRM RmIoctl: ioctl 7: src: RmIoctl in escape.c cmd == NV_ESC_RM_CONTROL
 NVRM resControl_IMPL: ioctl 21: src: __resControl__ in re_resource.c resControl_IMPL
 NVRM resControl_IMPL: ioctl 23: src: resControl_IMPL in re_resource.c else
 NVRM resControl_IMPL: ioctl 24: src: resControl_IMPL in re_resource.c else else
 NVRM resControl_IMPL: ioctl 24: src: resControl_IMPL in re_resource.c else else pFunc = 3239385440
 NVRM resControl_IMPL: ioctl 24: src: resControl_IMPL in re_resource.c else else methodId = 2212365077
 NVRM ksmdbgssnCtrlCmdDebugReadMemory_IMPL: ioctl 25: src: pFunc in kernel_sm_debugger_session_ctrl.c ksmdbgssnCtrlCmdDebugReadMemory_IMPL
 NVRM _nv83deCtrlCmdDebugAccessMemory: ioctl 26: src: pFunc in kernel_sm_debugger_session_ctrl.c _nv83deCtrlCmdDebugAccessMemory
 NVRM _nv83deCtrlCmdDebugAccessMemory: ioctl 26: src: pFunc in kernel_sm_debugger_session_ctrl.c _nv83deCtrlCmdDebugAccessMemory line before cleanup_mapping
 NVRM resControl_IMPL: ioctl 23: src: resControl_IMPL in re_resource.c line before done
 NVRM serverControl: ioctl 19: src: serverControl in re_server.c After resControl
 NVRM RmIoctl: ioctl 7: src: RmIoctl in escape.c cmd == NV_ESC_RM_CONTROL
 NVRM resControl_IMPL: ioctl 21: src: __resControl__ in re_resource.c resControl_IMPL
 NVRM resControl_IMPL: ioctl 23: src: resControl_IMPL in re_resource.c status == NV_WARN_NOTHING_TO_DO
 NVRM resControl_IMPL: ioctl 23: src: resControl_IMPL in re_resource.c line before done
 NVRM serverControl: ioctl 19: src: serverControl in re_server.c After resControl
 NVRM RmIoctl: ioctl 7: src: RmIoctl in escape.c cmd == NV_ESC_RM_CONTROL
 NVRM resControl_IMPL: ioctl 21: src: __resControl__ in re_resource.c resControl_IMPL
 NVRM resControl_IMPL: ioctl 23: src: resControl_IMPL in re_resource.c status == NV_WARN_NOTHING_TO_DO
 NVRM resControl_IMPL: ioctl 23: src: resControl_IMPL in re_resource.c line before done
 NVRM serverControl: ioctl 19: src: serverControl in re_server.c After resControl
 NVRM RmIoctl: ioctl 7: src: RmIoctl in escape.c cmd == NV_ESC_RM_CONTROL
 NVRM resControl_IMPL: ioctl 21: src: __resControl__ in re_resource.c resControl_IMPL
 NVRM resControl_IMPL: ioctl 23: src: resControl_IMPL in re_resource.c else
 NVRM resControl_IMPL: ioctl 24: src: resControl_IMPL in re_resource.c else else
 NVRM resControl_IMPL: ioctl 24: src: resControl_IMPL in re_resource.c else else pFunc = 3239385600
 NVRM resControl_IMPL: ioctl 24: src: resControl_IMPL in re_resource.c else else methodId = 2212365078
 NVRM ksmdbgssnCtrlCmdDebugWriteMemory_IMPL: ioctl 25: src: pFunc in kernel_sm_debugger_session_ctrl.c ksmdbgssnCtrlCmdDebugWriteMemory_IMPL
 NVRM _nv83deCtrlCmdDebugAccessMemory: ioctl 26: src: pFunc in kernel_sm_debugger_session_ctrl.c _nv83deCtrlCmdDebugAccessMemory
 NVRM _nv83deCtrlCmdDebugAccessMemory: ioctl 26: src: pFunc in kernel_sm_debugger_session_ctrl.c _nv83deCtrlCmdDebugAccessMemory line before cleanup_mapping
 NVRM resControl_IMPL: ioctl 23: src: resControl_IMPL in re_resource.c line before done
 NVRM serverControl: ioctl 19: src: serverControl in re_server.c After resControl
 NVRM RmIoctl: ioctl 7: src: RmIoctl in escape.c cmd == NV_ESC_RM_CONTROL
 NVRM resControl_IMPL: ioctl 21: src: __resControl__ in re_resource.c resControl_IMPL
 NVRM resControl_IMPL: ioctl 23: src: resControl_IMPL in re_resource.c status == NV_WARN_NOTHING_TO_DO
 NVRM resControl_IMPL: ioctl 23: src: resControl_IMPL in re_resource.c line before done
 NVRM serverControl: ioctl 19: src: serverControl in re_server.c After resControl
 NVRM RmIoctl: ioctl 7: src: RmIoctl in escape.c cmd == NV_ESC_RM_CONTROL
 NVRM resControl_IMPL: ioctl 21: src: __resControl__ in re_resource.c resControl_IMPL
 NVRM resControl_IMPL: ioctl 23: src: resControl_IMPL in re_resource.c status == NV_WARN_NOTHING_TO_DO
 NVRM resControl_IMPL: ioctl 23: src: resControl_IMPL in re_resource.c line before done
 NVRM serverControl: ioctl 19: src: serverControl in re_server.c After resControl
 NVRM RmIoctl: ioctl 7: src: RmIoctl in escape.c cmd == NV_ESC_RM_CONTROL
 NVRM resControl_IMPL: ioctl 21: src: __resControl__ in re_resource.c resControl_IMPL
 NVRM resControl_IMPL: ioctl 23: src: resControl_IMPL in re_resource.c else
 NVRM resControl_IMPL: ioctl 24: src: resControl_IMPL in re_resource.c else else
 NVRM resControl_IMPL: ioctl 24: src: resControl_IMPL in re_resource.c else else pFunc = 3239385440
 NVRM resControl_IMPL: ioctl 24: src: resControl_IMPL in re_resource.c else else methodId = 2212365077
 NVRM ksmdbgssnCtrlCmdDebugReadMemory_IMPL: ioctl 25: src: pFunc in kernel_sm_debugger_session_ctrl.c ksmdbgssnCtrlCmdDebugReadMemory_IMPL
 NVRM _nv83deCtrlCmdDebugAccessMemory: ioctl 26: src: pFunc in kernel_sm_debugger_session_ctrl.c _nv83deCtrlCmdDebugAccessMemory
 NVRM _nv83deCtrlCmdDebugAccessMemory: ioctl 26: src: pFunc in kernel_sm_debugger_session_ctrl.c _nv83deCtrlCmdDebugAccessMemory line before cleanup_mapping
 NVRM resControl_IMPL: ioctl 23: src: resControl_IMPL in re_resource.c line before done
 NVRM serverControl: ioctl 19: src: serverControl in re_server.c After resControl
 NVRM RmIoctl: ioctl 7: src: RmIoctl in escape.c cmd == NV_ESC_RM_CONTROL
 NVRM resControl_IMPL: ioctl 21: src: __resControl__ in re_resource.c resControl_IMPL
 NVRM resControl_IMPL: ioctl 23: src: resControl_IMPL in re_resource.c else
 NVRM resControl_IMPL: ioctl 24: src: resControl_IMPL in re_resource.c else else
 NVRM resControl_IMPL: ioctl 24: src: resControl_IMPL in re_resource.c else else pFunc = 3239385440
 NVRM resControl_IMPL: ioctl 24: src: resControl_IMPL in re_resource.c else else methodId = 2212365077
 NVRM ksmdbgssnCtrlCmdDebugReadMemory_IMPL: ioctl 25: src: pFunc in kernel_sm_debugger_session_ctrl.c ksmdbgssnCtrlCmdDebugReadMemory_IMPL
 NVRM _nv83deCtrlCmdDebugAccessMemory: ioctl 26: src: pFunc in kernel_sm_debugger_session_ctrl.c _nv83deCtrlCmdDebugAccessMemory
 NVRM _nv83deCtrlCmdDebugAccessMemory: ioctl 26: src: pFunc in kernel_sm_debugger_session_ctrl.c _nv83deCtrlCmdDebugAccessMemory line before cleanup_mapping
 NVRM resControl_IMPL: ioctl 23: src: resControl_IMPL in re_resource.c line before done
 NVRM serverControl: ioctl 19: src: serverControl in re_server.c After resControl
 NVRM RmIoctl: ioctl 7: src: RmIoctl in escape.c cmd == NV_ESC_RM_CONTROL
 NVRM resControl_IMPL: ioctl 21: src: __resControl__ in re_resource.c resControl_IMPL
 NVRM resControl_IMPL: ioctl 23: src: resControl_IMPL in re_resource.c status == NV_WARN_NOTHING_TO_DO
 NVRM resControl_IMPL: ioctl 23: src: resControl_IMPL in re_resource.c line before done
 NVRM serverControl: ioctl 19: src: serverControl in re_server.c After resControl
 NVRM RmIoctl: ioctl 7: src: RmIoctl in escape.c cmd == NV_ESC_RM_CONTROL
 NVRM resControl_IMPL: ioctl 21: src: __resControl__ in re_resource.c resControl_IMPL
 NVRM resControl_IMPL: ioctl 23: src: resControl_IMPL in re_resource.c status == NV_WARN_NOTHING_TO_DO
 NVRM resControl_IMPL: ioctl 23: src: resControl_IMPL in re_resource.c line before done
 NVRM serverControl: ioctl 19: src: serverControl in re_server.c After resControl
 NVRM RmIoctl: ioctl 7: src: RmIoctl in escape.c cmd == NV_ESC_RM_CONTROL
 NVRM resControl_IMPL: ioctl 21: src: __resControl__ in re_resource.c resControl_IMPL
 NVRM resControl_IMPL: ioctl 23: src: resControl_IMPL in re_resource.c else
 NVRM resControl_IMPL: ioctl 24: src: resControl_IMPL in re_resource.c else else
 NVRM resControl_IMPL: ioctl 24: src: resControl_IMPL in re_resource.c else else pFunc = 3239385600
 NVRM resControl_IMPL: ioctl 24: src: resControl_IMPL in re_resource.c else else methodId = 2212365078
 NVRM ksmdbgssnCtrlCmdDebugWriteMemory_IMPL: ioctl 25: src: pFunc in kernel_sm_debugger_session_ctrl.c ksmdbgssnCtrlCmdDebugWriteMemory_IMPL
 NVRM _nv83deCtrlCmdDebugAccessMemory: ioctl 26: src: pFunc in kernel_sm_debugger_session_ctrl.c _nv83deCtrlCmdDebugAccessMemory
 NVRM _nv83deCtrlCmdDebugAccessMemory: ioctl 26: src: pFunc in kernel_sm_debugger_session_ctrl.c _nv83deCtrlCmdDebugAccessMemory line before cleanup_mapping
 NVRM resControl_IMPL: ioctl 23: src: resControl_IMPL in re_resource.c line before done
 NVRM serverControl: ioctl 19: src: serverControl in re_server.c After resControl
 NVRM RmIoctl: ioctl 7: src: RmIoctl in escape.c cmd == NV_ESC_RM_CONTROL
 NVRM resControl_IMPL: ioctl 21: src: __resControl__ in re_resource.c resControl_IMPL
 NVRM resControl_IMPL: ioctl 23: src: resControl_IMPL in re_resource.c else
 NVRM resControl_IMPL: ioctl 24: src: resControl_IMPL in re_resource.c else else
 NVRM resControl_IMPL: ioctl 24: src: resControl_IMPL in re_resource.c else else pFunc = 3239385600
 NVRM resControl_IMPL: ioctl 24: src: resControl_IMPL in re_resource.c else else methodId = 2212365078
 NVRM ksmdbgssnCtrlCmdDebugWriteMemory_IMPL: ioctl 25: src: pFunc in kernel_sm_debugger_session_ctrl.c ksmdbgssnCtrlCmdDebugWriteMemory_IMPL
 NVRM _nv83deCtrlCmdDebugAccessMemory: ioctl 26: src: pFunc in kernel_sm_debugger_session_ctrl.c _nv83deCtrlCmdDebugAccessMemory
 NVRM _nv83deCtrlCmdDebugAccessMemory: ioctl 26: src: pFunc in kernel_sm_debugger_session_ctrl.c _nv83deCtrlCmdDebugAccessMemory line before cleanup_mapping
 NVRM resControl_IMPL: ioctl 23: src: resControl_IMPL in re_resource.c line before done
 NVRM serverControl: ioctl 19: src: serverControl in re_server.c After resControl
 NVRM RmIoctl: ioctl 7: src: RmIoctl in escape.c cmd == NV_ESC_RM_CONTROL
 NVRM resControl_IMPL: ioctl 21: src: __resControl__ in re_resource.c resControl_IMPL
 NVRM resControl_IMPL: ioctl 23: src: resControl_IMPL in re_resource.c status == NV_WARN_NOTHING_TO_DO
 NVRM resControl_IMPL: ioctl 23: src: resControl_IMPL in re_resource.c line before done
 NVRM serverControl: ioctl 19: src: serverControl in re_server.c After resControl
 NVRM RmIoctl: ioctl 7: src: RmIoctl in escape.c cmd == NV_ESC_RM_CONTROL
 NVRM resControl_IMPL: ioctl 21: src: __resControl__ in re_resource.c resControl_IMPL
 NVRM resControl_IMPL: ioctl 23: src: resControl_IMPL in re_resource.c status == NV_WARN_NOTHING_TO_DO
 NVRM resControl_IMPL: ioctl 23: src: resControl_IMPL in re_resource.c line before done
 NVRM serverControl: ioctl 19: src: serverControl in re_server.c After resControl
 NVRM RmIoctl: ioctl 7: src: RmIoctl in escape.c cmd == NV_ESC_RM_CONTROL
 NVRM resControl_IMPL: ioctl 21: src: __resControl__ in re_resource.c resControl_IMPL
 NVRM resControl_IMPL: ioctl 23: src: resControl_IMPL in re_resource.c else
 NVRM resControl_IMPL: ioctl 24: src: resControl_IMPL in re_resource.c else else
 NVRM resControl_IMPL: ioctl 24: src: resControl_IMPL in re_resource.c else else pFunc = 3239385440
 NVRM resControl_IMPL: ioctl 24: src: resControl_IMPL in re_resource.c else else methodId = 2212365077
 NVRM ksmdbgssnCtrlCmdDebugReadMemory_IMPL: ioctl 25: src: pFunc in kernel_sm_debugger_session_ctrl.c ksmdbgssnCtrlCmdDebugReadMemory_IMPL
 NVRM _nv83deCtrlCmdDebugAccessMemory: ioctl 26: src: pFunc in kernel_sm_debugger_session_ctrl.c _nv83deCtrlCmdDebugAccessMemory
 NVRM _nv83deCtrlCmdDebugAccessMemory: ioctl 26: src: pFunc in kernel_sm_debugger_session_ctrl.c _nv83deCtrlCmdDebugAccessMemory line before cleanup_mapping
 NVRM resControl_IMPL: ioctl 23: src: resControl_IMPL in re_resource.c line before done
 NVRM serverControl: ioctl 19: src: serverControl in re_server.c After resControl
 NVRM RmIoctl: ioctl 7: src: RmIoctl in escape.c cmd == NV_ESC_RM_CONTROL
 NVRM resControl_IMPL: ioctl 21: src: __resControl__ in re_resource.c resControl_IMPL
 NVRM resControl_IMPL: ioctl 23: src: resControl_IMPL in re_resource.c else
 NVRM resControl_IMPL: ioctl 24: src: resControl_IMPL in re_resource.c else else
 NVRM resControl_IMPL: ioctl 24: src: resControl_IMPL in re_resource.c else else pFunc = 3239385440
 NVRM resControl_IMPL: ioctl 24: src: resControl_IMPL in re_resource.c else else methodId = 2212365077
 NVRM ksmdbgssnCtrlCmdDebugReadMemory_IMPL: ioctl 25: src: pFunc in kernel_sm_debugger_session_ctrl.c ksmdbgssnCtrlCmdDebugReadMemory_IMPL
 NVRM _nv83deCtrlCmdDebugAccessMemory: ioctl 26: src: pFunc in kernel_sm_debugger_session_ctrl.c _nv83deCtrlCmdDebugAccessMemory
 NVRM _nv83deCtrlCmdDebugAccessMemory: ioctl 26: src: pFunc in kernel_sm_debugger_session_ctrl.c _nv83deCtrlCmdDebugAccessMemory line before cleanup_mapping
 NVRM resControl_IMPL: ioctl 23: src: resControl_IMPL in re_resource.c line before done
 NVRM serverControl: ioctl 19: src: serverControl in re_server.c After resControl
 NVRM RmIoctl: ioctl 7: src: RmIoctl in escape.c cmd == NV_ESC_RM_CONTROL
 NVRM resControl_IMPL: ioctl 21: src: __resControl__ in re_resource.c resControl_IMPL
 NVRM resControl_IMPL: ioctl 23: src: resControl_IMPL in re_resource.c status == NV_WARN_NOTHING_TO_DO
 NVRM resControl_IMPL: ioctl 23: src: resControl_IMPL in re_resource.c line before done
 NVRM serverControl: ioctl 19: src: serverControl in re_server.c After resControl
 NVRM RmIoctl: ioctl 7: src: RmIoctl in escape.c cmd == NV_ESC_RM_CONTROL
 NVRM resControl_IMPL: ioctl 21: src: __resControl__ in re_resource.c resControl_IMPL
 NVRM resControl_IMPL: ioctl 23: src: resControl_IMPL in re_resource.c status == NV_WARN_NOTHING_TO_DO
 NVRM resControl_IMPL: ioctl 23: src: resControl_IMPL in re_resource.c line before done
 NVRM serverControl: ioctl 19: src: serverControl in re_server.c After resControl
 NVRM RmIoctl: ioctl 7: src: RmIoctl in escape.c cmd == NV_ESC_RM_CONTROL
 NVRM resControl_IMPL: ioctl 21: src: __resControl__ in re_resource.c resControl_IMPL
 NVRM resControl_IMPL: ioctl 23: src: resControl_IMPL in re_resource.c else
 NVRM resControl_IMPL: ioctl 24: src: resControl_IMPL in re_resource.c else else
 NVRM resControl_IMPL: ioctl 24: src: resControl_IMPL in re_resource.c else else pFunc = 3239385440
 NVRM resControl_IMPL: ioctl 24: src: resControl_IMPL in re_resource.c else else methodId = 2212365077
 NVRM ksmdbgssnCtrlCmdDebugReadMemory_IMPL: ioctl 25: src: pFunc in kernel_sm_debugger_session_ctrl.c ksmdbgssnCtrlCmdDebugReadMemory_IMPL
 NVRM _nv83deCtrlCmdDebugAccessMemory: ioctl 26: src: pFunc in kernel_sm_debugger_session_ctrl.c _nv83deCtrlCmdDebugAccessMemory
 NVRM _nv83deCtrlCmdDebugAccessMemory: ioctl 26: src: pFunc in kernel_sm_debugger_session_ctrl.c _nv83deCtrlCmdDebugAccessMemory line before cleanup_mapping
 NVRM resControl_IMPL: ioctl 23: src: resControl_IMPL in re_resource.c line before done
 NVRM serverControl: ioctl 19: src: serverControl in re_server.c After resControl
 NVRM RmIoctl: ioctl 7: src: RmIoctl in escape.c cmd == NV_ESC_RM_CONTROL
 NVRM resControl_IMPL: ioctl 21: src: __resControl__ in re_resource.c resControl_IMPL
 NVRM resControl_IMPL: ioctl 23: src: resControl_IMPL in re_resource.c else
 NVRM resControl_IMPL: ioctl 24: src: resControl_IMPL in re_resource.c else else
 NVRM resControl_IMPL: ioctl 24: src: resControl_IMPL in re_resource.c else else pFunc = 3239385440
 NVRM resControl_IMPL: ioctl 24: src: resControl_IMPL in re_resource.c else else methodId = 2212365077
 NVRM ksmdbgssnCtrlCmdDebugReadMemory_IMPL: ioctl 25: src: pFunc in kernel_sm_debugger_session_ctrl.c ksmdbgssnCtrlCmdDebugReadMemory_IMPL
 NVRM _nv83deCtrlCmdDebugAccessMemory: ioctl 26: src: pFunc in kernel_sm_debugger_session_ctrl.c _nv83deCtrlCmdDebugAccessMemory
 NVRM _nv83deCtrlCmdDebugAccessMemory: ioctl 26: src: pFunc in kernel_sm_debugger_session_ctrl.c _nv83deCtrlCmdDebugAccessMemory line before cleanup_mapping
 NVRM resControl_IMPL: ioctl 23: src: resControl_IMPL in re_resource.c line before done
 NVRM serverControl: ioctl 19: src: serverControl in re_server.c After resControl
 NVRM RmIoctl: ioctl 7: src: RmIoctl in escape.c cmd == NV_ESC_RM_CONTROL
 NVRM resControl_IMPL: ioctl 21: src: __resControl__ in re_resource.c resControl_IMPL
 NVRM resControl_IMPL: ioctl 23: src: resControl_IMPL in re_resource.c else
 NVRM resControl_IMPL: ioctl 24: src: resControl_IMPL in re_resource.c else else
 NVRM resControl_IMPL: ioctl 24: src: resControl_IMPL in re_resource.c else else pFunc = 3239385600
 NVRM resControl_IMPL: ioctl 24: src: resControl_IMPL in re_resource.c else else methodId = 2212365078
 NVRM ksmdbgssnCtrlCmdDebugWriteMemory_IMPL: ioctl 25: src: pFunc in kernel_sm_debugger_session_ctrl.c ksmdbgssnCtrlCmdDebugWriteMemory_IMPL
 NVRM _nv83deCtrlCmdDebugAccessMemory: ioctl 26: src: pFunc in kernel_sm_debugger_session_ctrl.c _nv83deCtrlCmdDebugAccessMemory
 NVRM _nv83deCtrlCmdDebugAccessMemory: ioctl 26: src: pFunc in kernel_sm_debugger_session_ctrl.c _nv83deCtrlCmdDebugAccessMemory line before cleanup_mapping
 NVRM resControl_IMPL: ioctl 23: src: resControl_IMPL in re_resource.c line before done
 NVRM serverControl: ioctl 19: src: serverControl in re_server.c After resControl
 NVRM RmIoctl: ioctl 7: src: RmIoctl in escape.c cmd == NV_ESC_RM_CONTROL
 NVRM resControl_IMPL: ioctl 21: src: __resControl__ in re_resource.c resControl_IMPL
 NVRM resControl_IMPL: ioctl 23: src: resControl_IMPL in re_resource.c else
 NVRM resControl_IMPL: ioctl 24: src: resControl_IMPL in re_resource.c else else
 NVRM resControl_IMPL: ioctl 24: src: resControl_IMPL in re_resource.c else else pFunc = 3239385600
 NVRM resControl_IMPL: ioctl 24: src: resControl_IMPL in re_resource.c else else methodId = 2212365078
 NVRM ksmdbgssnCtrlCmdDebugWriteMemory_IMPL: ioctl 25: src: pFunc in kernel_sm_debugger_session_ctrl.c ksmdbgssnCtrlCmdDebugWriteMemory_IMPL
 NVRM _nv83deCtrlCmdDebugAccessMemory: ioctl 26: src: pFunc in kernel_sm_debugger_session_ctrl.c _nv83deCtrlCmdDebugAccessMemory
 NVRM _nv83deCtrlCmdDebugAccessMemory: ioctl 26: src: pFunc in kernel_sm_debugger_session_ctrl.c _nv83deCtrlCmdDebugAccessMemory line before cleanup_mapping
 NVRM resControl_IMPL: ioctl 23: src: resControl_IMPL in re_resource.c line before done
 NVRM serverControl: ioctl 19: src: serverControl in re_server.c After resControl
 NVRM RmIoctl: ioctl 7: src: RmIoctl in escape.c cmd == NV_ESC_RM_CONTROL
 NVRM resControl_IMPL: ioctl 21: src: __resControl__ in re_resource.c resControl_IMPL
 NVRM resControl_IMPL: ioctl 23: src: resControl_IMPL in re_resource.c else
 NVRM resControl_IMPL: ioctl 24: src: resControl_IMPL in re_resource.c else else
 NVRM resControl_IMPL: ioctl 24: src: resControl_IMPL in re_resource.c else else pFunc = 3239385600
 NVRM resControl_IMPL: ioctl 24: src: resControl_IMPL in re_resource.c else else methodId = 2212365078
 NVRM ksmdbgssnCtrlCmdDebugWriteMemory_IMPL: ioctl 25: src: pFunc in kernel_sm_debugger_session_ctrl.c ksmdbgssnCtrlCmdDebugWriteMemory_IMPL
 NVRM _nv83deCtrlCmdDebugAccessMemory: ioctl 26: src: pFunc in kernel_sm_debugger_session_ctrl.c _nv83deCtrlCmdDebugAccessMemory
 NVRM _nv83deCtrlCmdDebugAccessMemory: ioctl 26: src: pFunc in kernel_sm_debugger_session_ctrl.c _nv83deCtrlCmdDebugAccessMemory line before cleanup_mapping
 NVRM resControl_IMPL: ioctl 23: src: resControl_IMPL in re_resource.c line before done
 NVRM serverControl: ioctl 19: src: serverControl in re_server.c After resControl
 NVRM RmIoctl: ioctl 7: src: RmIoctl in escape.c cmd == NV_ESC_RM_CONTROL
 NVRM resControl_IMPL: ioctl 21: src: __resControl__ in re_resource.c resControl_IMPL
 NVRM resControl_IMPL: ioctl 23: src: resControl_IMPL in re_resource.c else
 NVRM resControl_IMPL: ioctl 24: src: resControl_IMPL in re_resource.c else else
 NVRM resControl_IMPL: ioctl 24: src: resControl_IMPL in re_resource.c else else pFunc = 3239385600
 NVRM resControl_IMPL: ioctl 24: src: resControl_IMPL in re_resource.c else else methodId = 2212365078
 NVRM ksmdbgssnCtrlCmdDebugWriteMemory_IMPL: ioctl 25: src: pFunc in kernel_sm_debugger_session_ctrl.c ksmdbgssnCtrlCmdDebugWriteMemory_IMPL
 NVRM _nv83deCtrlCmdDebugAccessMemory: ioctl 26: src: pFunc in kernel_sm_debugger_session_ctrl.c _nv83deCtrlCmdDebugAccessMemory
 NVRM _nv83deCtrlCmdDebugAccessMemory: ioctl 26: src: pFunc in kernel_sm_debugger_session_ctrl.c _nv83deCtrlCmdDebugAccessMemory line before cleanup_mapping
 NVRM resControl_IMPL: ioctl 23: src: resControl_IMPL in re_resource.c line before done
 NVRM serverControl: ioctl 19: src: serverControl in re_server.c After resControl
 NVRM RmIoctl: ioctl 7: src: RmIoctl in escape.c cmd == NV_ESC_RM_CONTROL
 NVRM resControl_IMPL: ioctl 21: src: __resControl__ in re_resource.c resControl_IMPL
 NVRM resControl_IMPL: ioctl 23: src: resControl_IMPL in re_resource.c else
 NVRM resControl_IMPL: ioctl 24: src: resControl_IMPL in re_resource.c else else
 NVRM resControl_IMPL: ioctl 24: src: resControl_IMPL in re_resource.c else else pFunc = 3239385600
 NVRM resControl_IMPL: ioctl 24: src: resControl_IMPL in re_resource.c else else methodId = 2212365078
 NVRM ksmdbgssnCtrlCmdDebugWriteMemory_IMPL: ioctl 25: src: pFunc in kernel_sm_debugger_session_ctrl.c ksmdbgssnCtrlCmdDebugWriteMemory_IMPL
 NVRM _nv83deCtrlCmdDebugAccessMemory: ioctl 26: src: pFunc in kernel_sm_debugger_session_ctrl.c _nv83deCtrlCmdDebugAccessMemory
 NVRM _nv83deCtrlCmdDebugAccessMemory: ioctl 26: src: pFunc in kernel_sm_debugger_session_ctrl.c _nv83deCtrlCmdDebugAccessMemory line before cleanup_mapping
 NVRM resControl_IMPL: ioctl 23: src: resControl_IMPL in re_resource.c line before done
 NVRM serverControl: ioctl 19: src: serverControl in re_server.c After resControl
 NVRM RmIoctl: ioctl 7: src: RmIoctl in escape.c cmd == NV_ESC_RM_CONTROL
 NVRM resControl_IMPL: ioctl 21: src: __resControl__ in re_resource.c resControl_IMPL
 NVRM resControl_IMPL: ioctl 23: src: resControl_IMPL in re_resource.c else
 NVRM resControl_IMPL: ioctl 24: src: resControl_IMPL in re_resource.c else else
 NVRM resControl_IMPL: ioctl 24: src: resControl_IMPL in re_resource.c else else pFunc = 3239385600
 NVRM resControl_IMPL: ioctl 24: src: resControl_IMPL in re_resource.c else else methodId = 2212365078
 NVRM ksmdbgssnCtrlCmdDebugWriteMemory_IMPL: ioctl 25: src: pFunc in kernel_sm_debugger_session_ctrl.c ksmdbgssnCtrlCmdDebugWriteMemory_IMPL
 NVRM _nv83deCtrlCmdDebugAccessMemory: ioctl 26: src: pFunc in kernel_sm_debugger_session_ctrl.c _nv83deCtrlCmdDebugAccessMemory
 NVRM _nv83deCtrlCmdDebugAccessMemory: ioctl 26: src: pFunc in kernel_sm_debugger_session_ctrl.c _nv83deCtrlCmdDebugAccessMemory line before cleanup_mapping
 NVRM resControl_IMPL: ioctl 23: src: resControl_IMPL in re_resource.c line before done
 NVRM serverControl: ioctl 19: src: serverControl in re_server.c After resControl
 NVRM RmIoctl: ioctl 7: src: RmIoctl in escape.c cmd == NV_ESC_RM_CONTROL
 NVRM resControl_IMPL: ioctl 21: src: __resControl__ in re_resource.c resControl_IMPL
 NVRM resControl_IMPL: ioctl 23: src: resControl_IMPL in re_resource.c else
 NVRM resControl_IMPL: ioctl 24: src: resControl_IMPL in re_resource.c else else
 NVRM resControl_IMPL: ioctl 24: src: resControl_IMPL in re_resource.c else else pFunc = 3239385600
 NVRM resControl_IMPL: ioctl 24: src: resControl_IMPL in re_resource.c else else methodId = 2212365078
 NVRM ksmdbgssnCtrlCmdDebugWriteMemory_IMPL: ioctl 25: src: pFunc in kernel_sm_debugger_session_ctrl.c ksmdbgssnCtrlCmdDebugWriteMemory_IMPL
 NVRM _nv83deCtrlCmdDebugAccessMemory: ioctl 26: src: pFunc in kernel_sm_debugger_session_ctrl.c _nv83deCtrlCmdDebugAccessMemory
 NVRM _nv83deCtrlCmdDebugAccessMemory: ioctl 26: src: pFunc in kernel_sm_debugger_session_ctrl.c _nv83deCtrlCmdDebugAccessMemory line before cleanup_mapping
 NVRM resControl_IMPL: ioctl 23: src: resControl_IMPL in re_resource.c line before done
 NVRM serverControl: ioctl 19: src: serverControl in re_server.c After resControl
 NVRM RmIoctl: ioctl 7: src: RmIoctl in escape.c cmd == NV_ESC_RM_CONTROL
 NVRM resControl_IMPL: ioctl 21: src: __resControl__ in re_resource.c resControl_IMPL
 NVRM resControl_IMPL: ioctl 23: src: resControl_IMPL in re_resource.c else
 NVRM resControl_IMPL: ioctl 24: src: resControl_IMPL in re_resource.c else else
 NVRM resControl_IMPL: ioctl 24: src: resControl_IMPL in re_resource.c else else pFunc = 3239385600
 NVRM resControl_IMPL: ioctl 24: src: resControl_IMPL in re_resource.c else else methodId = 2212365078
 NVRM ksmdbgssnCtrlCmdDebugWriteMemory_IMPL: ioctl 25: src: pFunc in kernel_sm_debugger_session_ctrl.c ksmdbgssnCtrlCmdDebugWriteMemory_IMPL
 NVRM _nv83deCtrlCmdDebugAccessMemory: ioctl 26: src: pFunc in kernel_sm_debugger_session_ctrl.c _nv83deCtrlCmdDebugAccessMemory
 NVRM _nv83deCtrlCmdDebugAccessMemory: ioctl 26: src: pFunc in kernel_sm_debugger_session_ctrl.c _nv83deCtrlCmdDebugAccessMemory line before cleanup_mapping
 NVRM resControl_IMPL: ioctl 23: src: resControl_IMPL in re_resource.c line before done
 NVRM serverControl: ioctl 19: src: serverControl in re_server.c After resControl
 NVRM RmIoctl: ioctl 7: src: RmIoctl in escape.c cmd == NV_ESC_RM_CONTROL
 NVRM resControl_IMPL: ioctl 21: src: __resControl__ in re_resource.c resControl_IMPL
 NVRM resControl_IMPL: ioctl 23: src: resControl_IMPL in re_resource.c else
 NVRM resControl_IMPL: ioctl 24: src: resControl_IMPL in re_resource.c else else
 NVRM resControl_IMPL: ioctl 24: src: resControl_IMPL in re_resource.c else else pFunc = 3239385440
 NVRM resControl_IMPL: ioctl 24: src: resControl_IMPL in re_resource.c else else methodId = 2212365077
 NVRM ksmdbgssnCtrlCmdDebugReadMemory_IMPL: ioctl 25: src: pFunc in kernel_sm_debugger_session_ctrl.c ksmdbgssnCtrlCmdDebugReadMemory_IMPL
 NVRM _nv83deCtrlCmdDebugAccessMemory: ioctl 26: src: pFunc in kernel_sm_debugger_session_ctrl.c _nv83deCtrlCmdDebugAccessMemory
 NVRM _nv83deCtrlCmdDebugAccessMemory: ioctl 26: src: pFunc in kernel_sm_debugger_session_ctrl.c _nv83deCtrlCmdDebugAccessMemory line before cleanup_mapping
 NVRM resControl_IMPL: ioctl 23: src: resControl_IMPL in re_resource.c line before done
 NVRM serverControl: ioctl 19: src: serverControl in re_server.c After resControl
 NVRM RmIoctl: ioctl 7: src: RmIoctl in escape.c cmd == NV_ESC_RM_CONTROL
 NVRM resControl_IMPL: ioctl 21: src: __resControl__ in re_resource.c resControl_IMPL
 NVRM resControl_IMPL: ioctl 23: src: resControl_IMPL in re_resource.c else
 NVRM resControl_IMPL: ioctl 24: src: resControl_IMPL in re_resource.c else else
 NVRM resControl_IMPL: ioctl 24: src: resControl_IMPL in re_resource.c else else pFunc = 3239385440
 NVRM resControl_IMPL: ioctl 24: src: resControl_IMPL in re_resource.c else else methodId = 2212365077
 NVRM ksmdbgssnCtrlCmdDebugReadMemory_IMPL: ioctl 25: src: pFunc in kernel_sm_debugger_session_ctrl.c ksmdbgssnCtrlCmdDebugReadMemory_IMPL
 NVRM _nv83deCtrlCmdDebugAccessMemory: ioctl 26: src: pFunc in kernel_sm_debugger_session_ctrl.c _nv83deCtrlCmdDebugAccessMemory
 NVRM _nv83deCtrlCmdDebugAccessMemory: ioctl 26: src: pFunc in kernel_sm_debugger_session_ctrl.c _nv83deCtrlCmdDebugAccessMemory line before cleanup_mapping
 NVRM resControl_IMPL: ioctl 23: src: resControl_IMPL in re_resource.c line before done
 NVRM serverControl: ioctl 19: src: serverControl in re_server.c After resControl
 NVRM RmIoctl: ioctl 7: src: RmIoctl in escape.c cmd == NV_ESC_RM_CONTROL
 NVRM resControl_IMPL: ioctl 21: src: __resControl__ in re_resource.c resControl_IMPL
 NVRM resControl_IMPL: ioctl 23: src: resControl_IMPL in re_resource.c else
 NVRM resControl_IMPL: ioctl 24: src: resControl_IMPL in re_resource.c else else
 NVRM resControl_IMPL: ioctl 24: src: resControl_IMPL in re_resource.c else else pFunc = 3239385440
 NVRM resControl_IMPL: ioctl 24: src: resControl_IMPL in re_resource.c else else methodId = 2212365077
 NVRM ksmdbgssnCtrlCmdDebugReadMemory_IMPL: ioctl 25: src: pFunc in kernel_sm_debugger_session_ctrl.c ksmdbgssnCtrlCmdDebugReadMemory_IMPL
 NVRM _nv83deCtrlCmdDebugAccessMemory: ioctl 26: src: pFunc in kernel_sm_debugger_session_ctrl.c _nv83deCtrlCmdDebugAccessMemory
 NVRM _nv83deCtrlCmdDebugAccessMemory: ioctl 26: src: pFunc in kernel_sm_debugger_session_ctrl.c _nv83deCtrlCmdDebugAccessMemory line before cleanup_mapping
 NVRM resControl_IMPL: ioctl 23: src: resControl_IMPL in re_resource.c line before done
 NVRM serverControl: ioctl 19: src: serverControl in re_server.c After resControl
 NVRM RmIoctl: ioctl 7: src: RmIoctl in escape.c cmd == NV_ESC_RM_CONTROL
 NVRM resControl_IMPL: ioctl 21: src: __resControl__ in re_resource.c resControl_IMPL
 NVRM resControl_IMPL: ioctl 23: src: resControl_IMPL in re_resource.c else
 NVRM resControl_IMPL: ioctl 24: src: resControl_IMPL in re_resource.c else else
 NVRM resControl_IMPL: ioctl 24: src: resControl_IMPL in re_resource.c else else pFunc = 3239385440
 NVRM resControl_IMPL: ioctl 24: src: resControl_IMPL in re_resource.c else else methodId = 2212365077
 NVRM ksmdbgssnCtrlCmdDebugReadMemory_IMPL: ioctl 25: src: pFunc in kernel_sm_debugger_session_ctrl.c ksmdbgssnCtrlCmdDebugReadMemory_IMPL
 NVRM _nv83deCtrlCmdDebugAccessMemory: ioctl 26: src: pFunc in kernel_sm_debugger_session_ctrl.c _nv83deCtrlCmdDebugAccessMemory
 NVRM _nv83deCtrlCmdDebugAccessMemory: ioctl 26: src: pFunc in kernel_sm_debugger_session_ctrl.c _nv83deCtrlCmdDebugAccessMemory line before cleanup_mapping
 NVRM resControl_IMPL: ioctl 23: src: resControl_IMPL in re_resource.c line before done
 NVRM serverControl: ioctl 19: src: serverControl in re_server.c After resControl
 NVRM RmIoctl: ioctl 7: src: RmIoctl in escape.c cmd == NV_ESC_RM_CONTROL
 NVRM resControl_IMPL: ioctl 21: src: __resControl__ in re_resource.c resControl_IMPL
 NVRM resControl_IMPL: ioctl 23: src: resControl_IMPL in re_resource.c else
 NVRM resControl_IMPL: ioctl 24: src: resControl_IMPL in re_resource.c else else
 NVRM resControl_IMPL: ioctl 24: src: resControl_IMPL in re_resource.c else else pFunc = 3239385440
 NVRM resControl_IMPL: ioctl 24: src: resControl_IMPL in re_resource.c else else methodId = 2212365077
 NVRM ksmdbgssnCtrlCmdDebugReadMemory_IMPL: ioctl 25: src: pFunc in kernel_sm_debugger_session_ctrl.c ksmdbgssnCtrlCmdDebugReadMemory_IMPL
 NVRM _nv83deCtrlCmdDebugAccessMemory: ioctl 26: src: pFunc in kernel_sm_debugger_session_ctrl.c _nv83deCtrlCmdDebugAccessMemory
 NVRM _nv83deCtrlCmdDebugAccessMemory: ioctl 26: src: pFunc in kernel_sm_debugger_session_ctrl.c _nv83deCtrlCmdDebugAccessMemory line before cleanup_mapping
 NVRM resControl_IMPL: ioctl 23: src: resControl_IMPL in re_resource.c line before done
 NVRM serverControl: ioctl 19: src: serverControl in re_server.c After resControl
 NVRM RmIoctl: ioctl 7: src: RmIoctl in escape.c cmd == NV_ESC_RM_CONTROL
 NVRM resControl_IMPL: ioctl 21: src: __resControl__ in re_resource.c resControl_IMPL
 NVRM resControl_IMPL: ioctl 23: src: resControl_IMPL in re_resource.c else
 NVRM resControl_IMPL: ioctl 24: src: resControl_IMPL in re_resource.c else else
 NVRM resControl_IMPL: ioctl 24: src: resControl_IMPL in re_resource.c else else pFunc = 3239385440
 NVRM resControl_IMPL: ioctl 24: src: resControl_IMPL in re_resource.c else else methodId = 2212365077
 NVRM ksmdbgssnCtrlCmdDebugReadMemory_IMPL: ioctl 25: src: pFunc in kernel_sm_debugger_session_ctrl.c ksmdbgssnCtrlCmdDebugReadMemory_IMPL
 NVRM _nv83deCtrlCmdDebugAccessMemory: ioctl 26: src: pFunc in kernel_sm_debugger_session_ctrl.c _nv83deCtrlCmdDebugAccessMemory
 NVRM _nv83deCtrlCmdDebugAccessMemory: ioctl 26: src: pFunc in kernel_sm_debugger_session_ctrl.c _nv83deCtrlCmdDebugAccessMemory line before cleanup_mapping
 NVRM resControl_IMPL: ioctl 23: src: resControl_IMPL in re_resource.c line before done
 NVRM serverControl: ioctl 19: src: serverControl in re_server.c After resControl
 NVRM RmIoctl: ioctl 7: src: RmIoctl in escape.c cmd == NV_ESC_RM_CONTROL
 NVRM resControl_IMPL: ioctl 21: src: __resControl__ in re_resource.c resControl_IMPL
 NVRM resControl_IMPL: ioctl 23: src: resControl_IMPL in re_resource.c else
 NVRM resControl_IMPL: ioctl 24: src: resControl_IMPL in re_resource.c else else
 NVRM resControl_IMPL: ioctl 24: src: resControl_IMPL in re_resource.c else else pFunc = 3239385440
 NVRM resControl_IMPL: ioctl 24: src: resControl_IMPL in re_resource.c else else methodId = 2212365077
 NVRM ksmdbgssnCtrlCmdDebugReadMemory_IMPL: ioctl 25: src: pFunc in kernel_sm_debugger_session_ctrl.c ksmdbgssnCtrlCmdDebugReadMemory_IMPL
 NVRM _nv83deCtrlCmdDebugAccessMemory: ioctl 26: src: pFunc in kernel_sm_debugger_session_ctrl.c _nv83deCtrlCmdDebugAccessMemory
 NVRM _nv83deCtrlCmdDebugAccessMemory: ioctl 26: src: pFunc in kernel_sm_debugger_session_ctrl.c _nv83deCtrlCmdDebugAccessMemory line before cleanup_mapping
 NVRM resControl_IMPL: ioctl 23: src: resControl_IMPL in re_resource.c line before done
 NVRM serverControl: ioctl 19: src: serverControl in re_server.c After resControl
 NVRM RmIoctl: ioctl 7: src: RmIoctl in escape.c cmd == NV_ESC_RM_CONTROL
 NVRM resControl_IMPL: ioctl 21: src: __resControl__ in re_resource.c resControl_IMPL
 NVRM resControl_IMPL: ioctl 23: src: resControl_IMPL in re_resource.c else
 NVRM resControl_IMPL: ioctl 24: src: resControl_IMPL in re_resource.c else else
 NVRM resControl_IMPL: ioctl 24: src: resControl_IMPL in re_resource.c else else pFunc = 3239385440
 NVRM resControl_IMPL: ioctl 24: src: resControl_IMPL in re_resource.c else else methodId = 2212365077
 NVRM ksmdbgssnCtrlCmdDebugReadMemory_IMPL: ioctl 25: src: pFunc in kernel_sm_debugger_session_ctrl.c ksmdbgssnCtrlCmdDebugReadMemory_IMPL
 NVRM _nv83deCtrlCmdDebugAccessMemory: ioctl 26: src: pFunc in kernel_sm_debugger_session_ctrl.c _nv83deCtrlCmdDebugAccessMemory
 NVRM _nv83deCtrlCmdDebugAccessMemory: ioctl 26: src: pFunc in kernel_sm_debugger_session_ctrl.c _nv83deCtrlCmdDebugAccessMemory line before cleanup_mapping
 NVRM resControl_IMPL: ioctl 23: src: resControl_IMPL in re_resource.c line before done
 NVRM serverControl: ioctl 19: src: serverControl in re_server.c After resControl
 NVRM RmIoctl: ioctl 7: src: RmIoctl in escape.c cmd == NV_ESC_RM_CONTROL
 NVRM resControl_IMPL: ioctl 21: src: __resControl__ in re_resource.c resControl_IMPL
 NVRM resControl_IMPL: ioctl 23: src: resControl_IMPL in re_resource.c else
 NVRM resControl_IMPL: ioctl 24: src: resControl_IMPL in re_resource.c else else
 NVRM resControl_IMPL: ioctl 24: src: resControl_IMPL in re_resource.c else else pFunc = 3239385600
 NVRM resControl_IMPL: ioctl 24: src: resControl_IMPL in re_resource.c else else methodId = 2212365078
 NVRM ksmdbgssnCtrlCmdDebugWriteMemory_IMPL: ioctl 25: src: pFunc in kernel_sm_debugger_session_ctrl.c ksmdbgssnCtrlCmdDebugWriteMemory_IMPL
 NVRM _nv83deCtrlCmdDebugAccessMemory: ioctl 26: src: pFunc in kernel_sm_debugger_session_ctrl.c _nv83deCtrlCmdDebugAccessMemory
 NVRM _nv83deCtrlCmdDebugAccessMemory: ioctl 26: src: pFunc in kernel_sm_debugger_session_ctrl.c _nv83deCtrlCmdDebugAccessMemory line before cleanup_mapping
 NVRM resControl_IMPL: ioctl 23: src: resControl_IMPL in re_resource.c line before done
 NVRM serverControl: ioctl 19: src: serverControl in re_server.c After resControl
