 NVRM RmIoctl: ioctl 7: src: RmIoctl in escape.c cmd == NV_ESC_RM_CONTROL
 NVRM _rmapiRmControl: ioctl 18: src: _rmapiRmControl in control.c else 600 getCtrlInfoStatus == NV_OK
 NVRM serverControl: ioctl 19: src: serverControl in re_server.c
 NVRM serverControl: ioctl 20: src: serverControl in re_server.c pServer->bUnlockedParamCopy
 NVRM serverControl: ioctl 20: src: serverControl in re_server.c pResourceRef->pSession != NULL
 NVRM serverControl: ioctl 19: src: serverControl in re_server.c Before resControl
 NVRM serverControl: ioctl 19: src: serverControl in re_server.c After resControl
 NVRM RmIoctl: ioctl 7: src: RmIoctl in escape.c cmd == NV_ESC_RM_CONTROL
 NVRM _rmapiRmControl: ioctl 18: src: _rmapiRmControl in control.c else 600 getCtrlInfoStatus == NV_OK
 NVRM serverControl: ioctl 19: src: serverControl in re_server.c
 NVRM serverControl: ioctl 20: src: serverControl in re_server.c pServer->bUnlockedParamCopy
 NVRM serverControl: ioctl 20: src: serverControl in re_server.c pResourceRef->pSession != NULL
 NVRM serverControl: ioctl 19: src: serverControl in re_server.c Before resControl
 NVRM serverControl: ioctl 19: src: serverControl in re_server.c After resControl
 NVRM RmIoctl: ioctl 7: src: RmIoctl in escape.c cmd == NV_ESC_RM_CONTROL
 NVRM _rmapiRmControl: ioctl 18: src: _rmapiRmControl in control.c else 600 getCtrlInfoStatus == NV_OK
 NVRM serverControl: ioctl 19: src: serverControl in re_server.c
 NVRM serverControl: ioctl 20: src: serverControl in re_server.c pServer->bUnlockedParamCopy
 NVRM serverControl: ioctl 20: src: serverControl in re_server.c pResourceRef->pSession != NULL
 NVRM serverControl: ioctl 19: src: serverControl in re_server.c Before resControl
 NVRM serverControl: ioctl 19: src: serverControl in re_server.c After resControl
 NVRM RmIoctl: ioctl 7: src: RmIoctl in escape.c cmd == NV_ESC_RM_CONTROL
 NVRM _rmapiRmControl: ioctl 18: src: _rmapiRmControl in control.c else 600 getCtrlInfoStatus == NV_OK
 NVRM serverControl: ioctl 19: src: serverControl in re_server.c
 NVRM serverControl: ioctl 20: src: serverControl in re_server.c pServer->bUnlockedParamCopy
 NVRM serverControl: ioctl 20: src: serverControl in re_server.c pResourceRef->pSession != NULL
 NVRM serverControl: ioctl 19: src: serverControl in re_server.c Before resControl
 NVRM serverControl: ioctl 19: src: serverControl in re_server.c After resControl
 NVRM RmIoctl: ioctl 7: src: RmIoctl in escape.c cmd == NV_ESC_RM_CONTROL
 NVRM _rmapiRmControl: ioctl 18: src: _rmapiRmControl in control.c else 600 getCtrlInfoStatus == NV_OK
 NVRM serverControl: ioctl 19: src: serverControl in re_server.c
 NVRM serverControl: ioctl 20: src: serverControl in re_server.c pServer->bUnlockedParamCopy
 NVRM serverControl: ioctl 20: src: serverControl in re_server.c pResourceRef->pSession != NULL
 NVRM serverControl: ioctl 19: src: serverControl in re_server.c Before resControl
 NVRM serverControl: ioctl 19: src: serverControl in re_server.c After resControl
 NVRM RmIoctl: ioctl 7: src: RmIoctl in escape.c cmd == NV_ESC_RM_CONTROL
 NVRM _rmapiRmControl: ioctl 18: src: _rmapiRmControl in control.c else 600 getCtrlInfoStatus == NV_OK
 NVRM serverControl: ioctl 19: src: serverControl in re_server.c
 NVRM serverControl: ioctl 20: src: serverControl in re_server.c pServer->bUnlockedParamCopy
 NVRM serverControl: ioctl 20: src: serverControl in re_server.c pResourceRef->pSession != NULL
 NVRM serverControl: ioctl 19: src: serverControl in re_server.c Before resControl
 NVRM serverControl: ioctl 19: src: serverControl in re_server.c After resControl
 NVRM RmIoctl: ioctl 7: src: RmIoctl in escape.c cmd == NV_ESC_RM_CONTROL
 NVRM _rmapiRmControl: ioctl 18: src: _rmapiRmControl in control.c else 600 getCtrlInfoStatus == NV_OK
 NVRM serverControl: ioctl 19: src: serverControl in re_server.c
 NVRM serverControl: ioctl 20: src: serverControl in re_server.c pServer->bUnlockedParamCopy
 NVRM serverControl: ioctl 20: src: serverControl in re_server.c pResourceRef->pSession != NULL
 NVRM serverControl: ioctl 19: src: serverControl in re_server.c Before resControl
 NVRM serverControl: ioctl 19: src: serverControl in re_server.c After resControl
 NVRM RmIoctl: ioctl 7: src: RmIoctl in escape.c cmd == NV_ESC_RM_CONTROL
 NVRM _rmapiRmControl: ioctl 18: src: _rmapiRmControl in control.c else 600 getCtrlInfoStatus == NV_OK
 NVRM serverControl: ioctl 19: src: serverControl in re_server.c
 NVRM serverControl: ioctl 20: src: serverControl in re_server.c pServer->bUnlockedParamCopy
 NVRM serverControl: ioctl 20: src: serverControl in re_server.c pResourceRef->pSession != NULL
 NVRM serverControl: ioctl 19: src: serverControl in re_server.c Before resControl
 NVRM serverControl: ioctl 19: src: serverControl in re_server.c After resControl
 NVRM RmIoctl: ioctl 7: src: RmIoctl in escape.c cmd == NV_ESC_RM_CONTROL
 NVRM _rmapiRmControl: ioctl 18: src: _rmapiRmControl in control.c else 600 getCtrlInfoStatus == NV_OK
 NVRM serverControl: ioctl 19: src: serverControl in re_server.c
 NVRM serverControl: ioctl 20: src: serverControl in re_server.c pServer->bUnlockedParamCopy
 NVRM serverControl: ioctl 20: src: serverControl in re_server.c pResourceRef->pSession != NULL
 NVRM serverControl: ioctl 19: src: serverControl in re_server.c Before resControl
 NVRM serverControl: ioctl 19: src: serverControl in re_server.c After resControl
 NVRM RmIoctl: ioctl 7: src: RmIoctl in escape.c cmd == NV_ESC_RM_CONTROL
 NVRM _rmapiRmControl: ioctl 18: src: _rmapiRmControl in control.c else 600 getCtrlInfoStatus == NV_OK
 NVRM serverControl: ioctl 19: src: serverControl in re_server.c
 NVRM serverControl: ioctl 20: src: serverControl in re_server.c pServer->bUnlockedParamCopy
 NVRM serverControl: ioctl 20: src: serverControl in re_server.c pResourceRef->pSession != NULL
 NVRM serverControl: ioctl 19: src: serverControl in re_server.c Before resControl
 NVRM serverControl: ioctl 19: src: serverControl in re_server.c After resControl
 NVRM RmIoctl: ioctl 7: src: RmIoctl in escape.c cmd == NV_ESC_RM_CONTROL
 NVRM _rmapiRmControl: ioctl 18: src: _rmapiRmControl in control.c else 600 getCtrlInfoStatus == NV_OK
 NVRM serverControl: ioctl 19: src: serverControl in re_server.c
 NVRM serverControl: ioctl 20: src: serverControl in re_server.c pServer->bUnlockedParamCopy
 NVRM serverControl: ioctl 20: src: serverControl in re_server.c pResourceRef->pSession != NULL
 NVRM serverControl: ioctl 19: src: serverControl in re_server.c Before resControl
 NVRM serverControl: ioctl 19: src: serverControl in re_server.c After resControl
 NVRM RmIoctl: ioctl 7: src: RmIoctl in escape.c cmd == NV_ESC_RM_CONTROL
 NVRM _rmapiRmControl: ioctl 18: src: _rmapiRmControl in control.c else 600 getCtrlInfoStatus == NV_OK
 NVRM serverControl: ioctl 19: src: serverControl in re_server.c
 NVRM serverControl: ioctl 20: src: serverControl in re_server.c pServer->bUnlockedParamCopy
 NVRM serverControl: ioctl 20: src: serverControl in re_server.c pResourceRef->pSession != NULL
 NVRM serverControl: ioctl 19: src: serverControl in re_server.c Before resControl
 NVRM serverControl: ioctl 19: src: serverControl in re_server.c After resControl
 NVRM RmIoctl: ioctl 7: src: RmIoctl in escape.c cmd == NV_ESC_RM_CONTROL
 NVRM _rmapiRmControl: ioctl 18: src: _rmapiRmControl in control.c else 600 getCtrlInfoStatus == NV_OK
 NVRM serverControl: ioctl 19: src: serverControl in re_server.c
 NVRM serverControl: ioctl 20: src: serverControl in re_server.c pServer->bUnlockedParamCopy
 NVRM serverControl: ioctl 20: src: serverControl in re_server.c pResourceRef->pSession != NULL
 NVRM serverControl: ioctl 19: src: serverControl in re_server.c Before resControl
 NVRM serverControl: ioctl 19: src: serverControl in re_server.c After resControl
 NVRM RmIoctl: ioctl 7: src: RmIoctl in escape.c cmd == NV_ESC_RM_CONTROL
 NVRM _rmapiRmControl: ioctl 18: src: _rmapiRmControl in control.c else 600 getCtrlInfoStatus == NV_OK
 NVRM serverControl: ioctl 19: src: serverControl in re_server.c
 NVRM serverControl: ioctl 20: src: serverControl in re_server.c pServer->bUnlockedParamCopy
 NVRM serverControl: ioctl 20: src: serverControl in re_server.c pResourceRef->pSession != NULL
 NVRM serverControl: ioctl 19: src: serverControl in re_server.c Before resControl
 NVRM serverControl: ioctl 19: src: serverControl in re_server.c After resControl
 NVRM RmIoctl: ioctl 7: src: RmIoctl in escape.c cmd == NV_ESC_RM_CONTROL
 NVRM _rmapiRmControl: ioctl 18: src: _rmapiRmControl in control.c else 600 getCtrlInfoStatus == NV_OK
 NVRM serverControl: ioctl 19: src: serverControl in re_server.c
 NVRM serverControl: ioctl 20: src: serverControl in re_server.c pServer->bUnlockedParamCopy
 NVRM serverControl: ioctl 20: src: serverControl in re_server.c pResourceRef->pSession != NULL
 NVRM serverControl: ioctl 19: src: serverControl in re_server.c Before resControl
 NVRM serverControl: ioctl 19: src: serverControl in re_server.c After resControl
 NVRM RmIoctl: ioctl 7: src: RmIoctl in escape.c cmd == NV_ESC_RM_CONTROL
 NVRM _rmapiRmControl: ioctl 18: src: _rmapiRmControl in control.c else 600 getCtrlInfoStatus == NV_OK
 NVRM serverControl: ioctl 19: src: serverControl in re_server.c
 NVRM serverControl: ioctl 20: src: serverControl in re_server.c pServer->bUnlockedParamCopy
 NVRM serverControl: ioctl 20: src: serverControl in re_server.c pResourceRef->pSession != NULL
 NVRM serverControl: ioctl 19: src: serverControl in re_server.c Before resControl
 NVRM serverControl: ioctl 19: src: serverControl in re_server.c After resControl
 NVRM RmIoctl: ioctl 7: src: RmIoctl in escape.c cmd == NV_ESC_RM_CONTROL
 NVRM _rmapiRmControl: ioctl 18: src: _rmapiRmControl in control.c else 600 getCtrlInfoStatus == NV_OK
 NVRM serverControl: ioctl 19: src: serverControl in re_server.c
 NVRM serverControl: ioctl 20: src: serverControl in re_server.c pServer->bUnlockedParamCopy
 NVRM serverControl: ioctl 20: src: serverControl in re_server.c pResourceRef->pSession != NULL
 NVRM serverControl: ioctl 19: src: serverControl in re_server.c Before resControl
 NVRM serverControl: ioctl 19: src: serverControl in re_server.c After resControl
 NVRM RmIoctl: ioctl 7: src: RmIoctl in escape.c cmd == NV_ESC_RM_CONTROL
 NVRM _rmapiRmControl: ioctl 18: src: _rmapiRmControl in control.c else 600 getCtrlInfoStatus == NV_OK
 NVRM serverControl: ioctl 19: src: serverControl in re_server.c
 NVRM serverControl: ioctl 20: src: serverControl in re_server.c pServer->bUnlockedParamCopy
 NVRM serverControl: ioctl 20: src: serverControl in re_server.c pResourceRef->pSession != NULL
 NVRM serverControl: ioctl 19: src: serverControl in re_server.c Before resControl
 NVRM serverControl: ioctl 19: src: serverControl in re_server.c After resControl
 NVRM RmIoctl: ioctl 7: src: RmIoctl in escape.c cmd == NV_ESC_RM_CONTROL
 NVRM _rmapiRmControl: ioctl 18: src: _rmapiRmControl in control.c else 600 getCtrlInfoStatus == NV_OK
 NVRM serverControl: ioctl 19: src: serverControl in re_server.c
 NVRM serverControl: ioctl 20: src: serverControl in re_server.c pServer->bUnlockedParamCopy
 NVRM serverControl: ioctl 20: src: serverControl in re_server.c pResourceRef->pSession != NULL
 NVRM serverControl: ioctl 19: src: serverControl in re_server.c Before resControl
 NVRM serverControl: ioctl 19: src: serverControl in re_server.c After resControl
 NVRM RmIoctl: ioctl 7: src: RmIoctl in escape.c cmd == NV_ESC_RM_CONTROL
 NVRM _rmapiRmControl: ioctl 18: src: _rmapiRmControl in control.c else 600 getCtrlInfoStatus == NV_OK
 NVRM serverControl: ioctl 19: src: serverControl in re_server.c
 NVRM serverControl: ioctl 20: src: serverControl in re_server.c pServer->bUnlockedParamCopy
 NVRM serverControl: ioctl 20: src: serverControl in re_server.c pResourceRef->pSession != NULL
 NVRM serverControl: ioctl 19: src: serverControl in re_server.c Before resControl
 NVRM serverControl: ioctl 19: src: serverControl in re_server.c After resControl
 NVRM RmIoctl: ioctl 7: src: RmIoctl in escape.c cmd == NV_ESC_RM_CONTROL
 NVRM _rmapiRmControl: ioctl 18: src: _rmapiRmControl in control.c else 600 getCtrlInfoStatus == NV_OK
 NVRM serverControl: ioctl 19: src: serverControl in re_server.c
 NVRM serverControl: ioctl 20: src: serverControl in re_server.c pServer->bUnlockedParamCopy
 NVRM serverControl: ioctl 20: src: serverControl in re_server.c pResourceRef->pSession != NULL
 NVRM serverControl: ioctl 19: src: serverControl in re_server.c Before resControl
 NVRM serverControl: ioctl 19: src: serverControl in re_server.c After resControl
 NVRM RmIoctl: ioctl 7: src: RmIoctl in escape.c cmd == NV_ESC_RM_CONTROL
 NVRM _rmapiRmControl: ioctl 18: src: _rmapiRmControl in control.c else 600 getCtrlInfoStatus == NV_OK
 NVRM serverControl: ioctl 19: src: serverControl in re_server.c
 NVRM serverControl: ioctl 20: src: serverControl in re_server.c pServer->bUnlockedParamCopy
 NVRM serverControl: ioctl 20: src: serverControl in re_server.c pResourceRef->pSession != NULL
 NVRM serverControl: ioctl 19: src: serverControl in re_server.c Before resControl
 NVRM serverControl: ioctl 19: src: serverControl in re_server.c After resControl
 NVRM RmIoctl: ioctl 7: src: RmIoctl in escape.c cmd == NV_ESC_RM_CONTROL
 NVRM _rmapiRmControl: ioctl 18: src: _rmapiRmControl in control.c else 600 getCtrlInfoStatus == NV_OK
 NVRM serverControl: ioctl 19: src: serverControl in re_server.c
 NVRM serverControl: ioctl 20: src: serverControl in re_server.c pServer->bUnlockedParamCopy
 NVRM serverControl: ioctl 20: src: serverControl in re_server.c pResourceRef->pSession != NULL
 NVRM serverControl: ioctl 19: src: serverControl in re_server.c Before resControl
 NVRM serverControl: ioctl 19: src: serverControl in re_server.c After resControl
 NVRM RmIoctl: ioctl 7: src: RmIoctl in escape.c cmd == NV_ESC_RM_CONTROL
 NVRM _rmapiRmControl: ioctl 18: src: _rmapiRmControl in control.c else 600 getCtrlInfoStatus == NV_OK
 NVRM serverControl: ioctl 19: src: serverControl in re_server.c
 NVRM serverControl: ioctl 20: src: serverControl in re_server.c pServer->bUnlockedParamCopy
 NVRM serverControl: ioctl 20: src: serverControl in re_server.c pResourceRef->pSession != NULL
 NVRM serverControl: ioctl 19: src: serverControl in re_server.c Before resControl
 NVRM serverControl: ioctl 19: src: serverControl in re_server.c After resControl
 NVRM RmIoctl: ioctl 7: src: RmIoctl in escape.c cmd == NV_ESC_RM_CONTROL
 NVRM _rmapiRmControl: ioctl 18: src: _rmapiRmControl in control.c else 600 getCtrlInfoStatus == NV_OK
 NVRM serverControl: ioctl 19: src: serverControl in re_server.c
 NVRM serverControl: ioctl 20: src: serverControl in re_server.c pServer->bUnlockedParamCopy
 NVRM serverControl: ioctl 20: src: serverControl in re_server.c pResourceRef->pSession != NULL
 NVRM serverControl: ioctl 19: src: serverControl in re_server.c Before resControl
 NVRM serverControl: ioctl 19: src: serverControl in re_server.c After resControl
 NVRM RmIoctl: ioctl 7: src: RmIoctl in escape.c cmd == NV_ESC_RM_CONTROL
 NVRM _rmapiRmControl: ioctl 18: src: _rmapiRmControl in control.c else 600 getCtrlInfoStatus == NV_OK
 NVRM serverControl: ioctl 19: src: serverControl in re_server.c
 NVRM serverControl: ioctl 20: src: serverControl in re_server.c pServer->bUnlockedParamCopy
 NVRM serverControl: ioctl 20: src: serverControl in re_server.c pResourceRef->pSession != NULL
 NVRM serverControl: ioctl 19: src: serverControl in re_server.c Before resControl
 NVRM serverControl: ioctl 19: src: serverControl in re_server.c After resControl
 NVRM RmIoctl: ioctl 7: src: RmIoctl in escape.c cmd == NV_ESC_RM_CONTROL
 NVRM _rmapiRmControl: ioctl 18: src: _rmapiRmControl in control.c else 600 getCtrlInfoStatus == NV_OK
 NVRM serverControl: ioctl 19: src: serverControl in re_server.c
 NVRM serverControl: ioctl 20: src: serverControl in re_server.c pServer->bUnlockedParamCopy
 NVRM serverControl: ioctl 20: src: serverControl in re_server.c pResourceRef->pSession != NULL
 NVRM serverControl: ioctl 19: src: serverControl in re_server.c Before resControl
 NVRM serverControl: ioctl 19: src: serverControl in re_server.c After resControl
 NVRM RmIoctl: ioctl 7: src: RmIoctl in escape.c cmd == NV_ESC_RM_CONTROL
 NVRM _rmapiRmControl: ioctl 18: src: _rmapiRmControl in control.c else 600 getCtrlInfoStatus == NV_OK
 NVRM serverControl: ioctl 19: src: serverControl in re_server.c
 NVRM serverControl: ioctl 20: src: serverControl in re_server.c pServer->bUnlockedParamCopy
 NVRM serverControl: ioctl 20: src: serverControl in re_server.c pResourceRef->pSession != NULL
 NVRM serverControl: ioctl 19: src: serverControl in re_server.c Before resControl
 NVRM serverControl: ioctl 19: src: serverControl in re_server.c After resControl
 NVRM RmIoctl: ioctl 7: src: RmIoctl in escape.c cmd == NV_ESC_RM_CONTROL
 NVRM _rmapiRmControl: ioctl 18: src: _rmapiRmControl in control.c else 600 getCtrlInfoStatus == NV_OK
 NVRM serverControl: ioctl 19: src: serverControl in re_server.c
 NVRM serverControl: ioctl 20: src: serverControl in re_server.c pServer->bUnlockedParamCopy
 NVRM serverControl: ioctl 20: src: serverControl in re_server.c pResourceRef->pSession != NULL
 NVRM serverControl: ioctl 19: src: serverControl in re_server.c Before resControl
 NVRM serverControl: ioctl 19: src: serverControl in re_server.c After resControl
 NVRM RmIoctl: ioctl 7: src: RmIoctl in escape.c cmd == NV_ESC_RM_CONTROL
 NVRM _rmapiRmControl: ioctl 18: src: _rmapiRmControl in control.c else 600 getCtrlInfoStatus == NV_OK
 NVRM serverControl: ioctl 19: src: serverControl in re_server.c
 NVRM serverControl: ioctl 20: src: serverControl in re_server.c pServer->bUnlockedParamCopy
 NVRM serverControl: ioctl 20: src: serverControl in re_server.c pResourceRef->pSession != NULL
 NVRM serverControl: ioctl 19: src: serverControl in re_server.c Before resControl
 NVRM serverControl: ioctl 19: src: serverControl in re_server.c After resControl
 NVRM RmIoctl: ioctl 7: src: RmIoctl in escape.c cmd == NV_ESC_RM_CONTROL
 NVRM _rmapiRmControl: ioctl 18: src: _rmapiRmControl in control.c else 600 getCtrlInfoStatus == NV_OK
 NVRM serverControl: ioctl 19: src: serverControl in re_server.c
 NVRM serverControl: ioctl 20: src: serverControl in re_server.c pServer->bUnlockedParamCopy
 NVRM serverControl: ioctl 20: src: serverControl in re_server.c pResourceRef->pSession != NULL
 NVRM serverControl: ioctl 19: src: serverControl in re_server.c Before resControl
 NVRM serverControl: ioctl 19: src: serverControl in re_server.c After resControl
 NVRM RmIoctl: ioctl 7: src: RmIoctl in escape.c cmd == NV_ESC_RM_CONTROL
 NVRM _rmapiRmControl: ioctl 18: src: _rmapiRmControl in control.c else 600 getCtrlInfoStatus == NV_OK
 NVRM serverControl: ioctl 19: src: serverControl in re_server.c
 NVRM serverControl: ioctl 20: src: serverControl in re_server.c pServer->bUnlockedParamCopy
 NVRM serverControl: ioctl 20: src: serverControl in re_server.c pResourceRef->pSession != NULL
 NVRM serverControl: ioctl 19: src: serverControl in re_server.c Before resControl
 NVRM serverControl: ioctl 19: src: serverControl in re_server.c After resControl
 NVRM RmIoctl: ioctl 7: src: RmIoctl in escape.c cmd == NV_ESC_RM_CONTROL
 NVRM _rmapiRmControl: ioctl 18: src: _rmapiRmControl in control.c else 600 getCtrlInfoStatus == NV_OK
 NVRM serverControl: ioctl 19: src: serverControl in re_server.c
 NVRM serverControl: ioctl 20: src: serverControl in re_server.c pServer->bUnlockedParamCopy
 NVRM serverControl: ioctl 20: src: serverControl in re_server.c pResourceRef->pSession != NULL
 NVRM serverControl: ioctl 19: src: serverControl in re_server.c Before resControl
 NVRM serverControl: ioctl 19: src: serverControl in re_server.c After resControl
 NVRM RmIoctl: ioctl 7: src: RmIoctl in escape.c cmd == NV_ESC_RM_CONTROL
 NVRM _rmapiRmControl: ioctl 18: src: _rmapiRmControl in control.c else 600 getCtrlInfoStatus == NV_OK
 NVRM serverControl: ioctl 19: src: serverControl in re_server.c
 NVRM serverControl: ioctl 20: src: serverControl in re_server.c pServer->bUnlockedParamCopy
 NVRM serverControl: ioctl 20: src: serverControl in re_server.c pResourceRef->pSession != NULL
 NVRM serverControl: ioctl 19: src: serverControl in re_server.c Before resControl
 NVRM serverControl: ioctl 19: src: serverControl in re_server.c After resControl
 NVRM RmIoctl: ioctl 7: src: RmIoctl in escape.c cmd == NV_ESC_RM_CONTROL
 NVRM _rmapiRmControl: ioctl 18: src: _rmapiRmControl in control.c else 600 getCtrlInfoStatus == NV_OK
 NVRM serverControl: ioctl 19: src: serverControl in re_server.c
 NVRM serverControl: ioctl 20: src: serverControl in re_server.c pServer->bUnlockedParamCopy
 NVRM serverControl: ioctl 20: src: serverControl in re_server.c pResourceRef->pSession != NULL
 NVRM serverControl: ioctl 19: src: serverControl in re_server.c Before resControl
 NVRM serverControl: ioctl 19: src: serverControl in re_server.c After resControl
 NVRM RmIoctl: ioctl 7: src: RmIoctl in escape.c cmd == NV_ESC_RM_CONTROL
 NVRM _rmapiRmControl: ioctl 18: src: _rmapiRmControl in control.c else 600 getCtrlInfoStatus == NV_OK
 NVRM serverControl: ioctl 19: src: serverControl in re_server.c
 NVRM serverControl: ioctl 20: src: serverControl in re_server.c pServer->bUnlockedParamCopy
 NVRM serverControl: ioctl 20: src: serverControl in re_server.c pResourceRef->pSession != NULL
 NVRM serverControl: ioctl 19: src: serverControl in re_server.c Before resControl
 NVRM serverControl: ioctl 19: src: serverControl in re_server.c After resControl
 NVRM RmIoctl: ioctl 7: src: RmIoctl in escape.c cmd == NV_ESC_RM_CONTROL
 NVRM _rmapiRmControl: ioctl 18: src: _rmapiRmControl in control.c else 600 getCtrlInfoStatus == NV_OK
 NVRM serverControl: ioctl 19: src: serverControl in re_server.c
 NVRM serverControl: ioctl 20: src: serverControl in re_server.c pServer->bUnlockedParamCopy
 NVRM serverControl: ioctl 20: src: serverControl in re_server.c pResourceRef->pSession != NULL
 NVRM serverControl: ioctl 19: src: serverControl in re_server.c Before resControl
 NVRM serverControl: ioctl 19: src: serverControl in re_server.c After resControl
 NVRM RmIoctl: ioctl 7: src: RmIoctl in escape.c cmd == NV_ESC_RM_CONTROL
 NVRM _rmapiRmControl: ioctl 18: src: _rmapiRmControl in control.c else 600 getCtrlInfoStatus == NV_OK
 NVRM serverControl: ioctl 19: src: serverControl in re_server.c
 NVRM serverControl: ioctl 20: src: serverControl in re_server.c pServer->bUnlockedParamCopy
 NVRM serverControl: ioctl 20: src: serverControl in re_server.c pResourceRef->pSession != NULL
 NVRM serverControl: ioctl 19: src: serverControl in re_server.c Before resControl
 NVRM serverControl: ioctl 19: src: serverControl in re_server.c After resControl
 NVRM RmIoctl: ioctl 7: src: RmIoctl in escape.c cmd == NV_ESC_RM_CONTROL
 NVRM _rmapiRmControl: ioctl 18: src: _rmapiRmControl in control.c else 600 getCtrlInfoStatus == NV_OK
 NVRM serverControl: ioctl 19: src: serverControl in re_server.c
 NVRM serverControl: ioctl 20: src: serverControl in re_server.c pServer->bUnlockedParamCopy
 NVRM serverControl: ioctl 20: src: serverControl in re_server.c pResourceRef->pSession != NULL
 NVRM serverControl: ioctl 19: src: serverControl in re_server.c Before resControl
 NVRM serverControl: ioctl 19: src: serverControl in re_server.c After resControl
 NVRM RmIoctl: ioctl 7: src: RmIoctl in escape.c cmd == NV_ESC_RM_CONTROL
 NVRM _rmapiRmControl: ioctl 18: src: _rmapiRmControl in control.c else 600 getCtrlInfoStatus == NV_OK
 NVRM serverControl: ioctl 19: src: serverControl in re_server.c
 NVRM serverControl: ioctl 20: src: serverControl in re_server.c pServer->bUnlockedParamCopy
 NVRM serverControl: ioctl 20: src: serverControl in re_server.c pResourceRef->pSession != NULL
 NVRM serverControl: ioctl 19: src: serverControl in re_server.c Before resControl
 NVRM serverControl: ioctl 19: src: serverControl in re_server.c After resControl
 NVRM RmIoctl: ioctl 7: src: RmIoctl in escape.c cmd == NV_ESC_RM_CONTROL
 NVRM _rmapiRmControl: ioctl 18: src: _rmapiRmControl in control.c else 600 getCtrlInfoStatus == NV_OK
 NVRM serverControl: ioctl 19: src: serverControl in re_server.c
 NVRM serverControl: ioctl 20: src: serverControl in re_server.c pServer->bUnlockedParamCopy
 NVRM serverControl: ioctl 20: src: serverControl in re_server.c pResourceRef->pSession != NULL
 NVRM serverControl: ioctl 19: src: serverControl in re_server.c Before resControl
 NVRM serverControl: ioctl 19: src: serverControl in re_server.c After resControl
 NVRM RmIoctl: ioctl 7: src: RmIoctl in escape.c cmd == NV_ESC_RM_CONTROL
 NVRM _rmapiRmControl: ioctl 18: src: _rmapiRmControl in control.c else 600 getCtrlInfoStatus == NV_OK
 NVRM serverControl: ioctl 19: src: serverControl in re_server.c
 NVRM serverControl: ioctl 20: src: serverControl in re_server.c pServer->bUnlockedParamCopy
 NVRM serverControl: ioctl 20: src: serverControl in re_server.c pResourceRef->pSession != NULL
 NVRM serverControl: ioctl 19: src: serverControl in re_server.c Before resControl
 NVRM serverControl: ioctl 19: src: serverControl in re_server.c After resControl
 NVRM RmIoctl: ioctl 7: src: RmIoctl in escape.c cmd == NV_ESC_RM_CONTROL
 NVRM _rmapiRmControl: ioctl 18: src: _rmapiRmControl in control.c else 600 getCtrlInfoStatus == NV_OK
 NVRM serverControl: ioctl 19: src: serverControl in re_server.c
 NVRM serverControl: ioctl 20: src: serverControl in re_server.c pServer->bUnlockedParamCopy
 NVRM serverControl: ioctl 20: src: serverControl in re_server.c pResourceRef->pSession != NULL
 NVRM serverControl: ioctl 19: src: serverControl in re_server.c Before resControl
 NVRM serverControl: ioctl 19: src: serverControl in re_server.c After resControl
 NVRM RmIoctl: ioctl 7: src: RmIoctl in escape.c cmd == NV_ESC_RM_CONTROL
 NVRM _rmapiRmControl: ioctl 18: src: _rmapiRmControl in control.c else 600 getCtrlInfoStatus == NV_OK
 NVRM serverControl: ioctl 19: src: serverControl in re_server.c
 NVRM serverControl: ioctl 20: src: serverControl in re_server.c pServer->bUnlockedParamCopy
 NVRM serverControl: ioctl 20: src: serverControl in re_server.c pResourceRef->pSession != NULL
 NVRM serverControl: ioctl 19: src: serverControl in re_server.c Before resControl
 NVRM serverControl: ioctl 19: src: serverControl in re_server.c After resControl
 NVRM RmIoctl: ioctl 7: src: RmIoctl in escape.c cmd == NV_ESC_RM_CONTROL
 NVRM _rmapiRmControl: ioctl 18: src: _rmapiRmControl in control.c else 600 getCtrlInfoStatus == NV_OK
 NVRM serverControl: ioctl 19: src: serverControl in re_server.c
 NVRM serverControl: ioctl 20: src: serverControl in re_server.c pServer->bUnlockedParamCopy
 NVRM serverControl: ioctl 20: src: serverControl in re_server.c pResourceRef->pSession != NULL
 NVRM serverControl: ioctl 19: src: serverControl in re_server.c Before resControl
 NVRM serverControl: ioctl 19: src: serverControl in re_server.c After resControl
 NVRM RmIoctl: ioctl 7: src: RmIoctl in escape.c cmd == NV_ESC_RM_CONTROL
 NVRM _rmapiRmControl: ioctl 18: src: _rmapiRmControl in control.c else 600 getCtrlInfoStatus == NV_OK
 NVRM serverControl: ioctl 19: src: serverControl in re_server.c
 NVRM serverControl: ioctl 20: src: serverControl in re_server.c pServer->bUnlockedParamCopy
 NVRM serverControl: ioctl 20: src: serverControl in re_server.c pResourceRef->pSession != NULL
 NVRM serverControl: ioctl 19: src: serverControl in re_server.c Before resControl
 NVRM serverControl: ioctl 19: src: serverControl in re_server.c After resControl
 NVRM RmIoctl: ioctl 7: src: RmIoctl in escape.c cmd == NV_ESC_RM_CONTROL
 NVRM _rmapiRmControl: ioctl 18: src: _rmapiRmControl in control.c else 600 getCtrlInfoStatus == NV_OK
 NVRM serverControl: ioctl 19: src: serverControl in re_server.c
 NVRM serverControl: ioctl 20: src: serverControl in re_server.c pServer->bUnlockedParamCopy
 NVRM serverControl: ioctl 20: src: serverControl in re_server.c pResourceRef->pSession != NULL
 NVRM serverControl: ioctl 19: src: serverControl in re_server.c Before resControl
 NVRM serverControl: ioctl 19: src: serverControl in re_server.c After resControl
 NVRM RmIoctl: ioctl 7: src: RmIoctl in escape.c cmd == NV_ESC_RM_CONTROL
 NVRM _rmapiRmControl: ioctl 18: src: _rmapiRmControl in control.c else 600 getCtrlInfoStatus == NV_OK
 NVRM serverControl: ioctl 19: src: serverControl in re_server.c
 NVRM serverControl: ioctl 20: src: serverControl in re_server.c pServer->bUnlockedParamCopy
 NVRM serverControl: ioctl 20: src: serverControl in re_server.c pResourceRef->pSession != NULL
 NVRM serverControl: ioctl 19: src: serverControl in re_server.c Before resControl
 NVRM serverControl: ioctl 19: src: serverControl in re_server.c After resControl
 NVRM RmIoctl: ioctl 7: src: RmIoctl in escape.c cmd == NV_ESC_RM_CONTROL
 NVRM _rmapiRmControl: ioctl 18: src: _rmapiRmControl in control.c else 600 getCtrlInfoStatus == NV_OK
 NVRM serverControl: ioctl 19: src: serverControl in re_server.c
 NVRM serverControl: ioctl 20: src: serverControl in re_server.c pServer->bUnlockedParamCopy
 NVRM serverControl: ioctl 20: src: serverControl in re_server.c pResourceRef->pSession != NULL
 NVRM serverControl: ioctl 19: src: serverControl in re_server.c Before resControl
 NVRM serverControl: ioctl 19: src: serverControl in re_server.c After resControl
 NVRM RmIoctl: ioctl 7: src: RmIoctl in escape.c cmd == NV_ESC_RM_CONTROL
 NVRM _rmapiRmControl: ioctl 18: src: _rmapiRmControl in control.c else 600 getCtrlInfoStatus == NV_OK
 NVRM serverControl: ioctl 19: src: serverControl in re_server.c
 NVRM serverControl: ioctl 20: src: serverControl in re_server.c pServer->bUnlockedParamCopy
 NVRM serverControl: ioctl 20: src: serverControl in re_server.c pResourceRef->pSession != NULL
 NVRM serverControl: ioctl 19: src: serverControl in re_server.c Before resControl
 NVRM serverControl: ioctl 19: src: serverControl in re_server.c After resControl
 NVRM RmIoctl: ioctl 7: src: RmIoctl in escape.c cmd == NV_ESC_RM_CONTROL
 NVRM _rmapiRmControl: ioctl 18: src: _rmapiRmControl in control.c else 600 getCtrlInfoStatus == NV_OK
 NVRM serverControl: ioctl 19: src: serverControl in re_server.c
 NVRM serverControl: ioctl 20: src: serverControl in re_server.c pServer->bUnlockedParamCopy
 NVRM serverControl: ioctl 20: src: serverControl in re_server.c pResourceRef->pSession != NULL
 NVRM serverControl: ioctl 19: src: serverControl in re_server.c Before resControl
 NVRM serverControl: ioctl 19: src: serverControl in re_server.c After resControl
 NVRM RmIoctl: ioctl 7: src: RmIoctl in escape.c cmd == NV_ESC_RM_CONTROL
 NVRM _rmapiRmControl: ioctl 18: src: _rmapiRmControl in control.c else 600 getCtrlInfoStatus == NV_OK
 NVRM serverControl: ioctl 19: src: serverControl in re_server.c
 NVRM serverControl: ioctl 20: src: serverControl in re_server.c pServer->bUnlockedParamCopy
 NVRM serverControl: ioctl 20: src: serverControl in re_server.c pResourceRef->pSession != NULL
 NVRM serverControl: ioctl 19: src: serverControl in re_server.c Before resControl
 NVRM serverControl: ioctl 19: src: serverControl in re_server.c After resControl
 NVRM RmIoctl: ioctl 7: src: RmIoctl in escape.c cmd == NV_ESC_RM_CONTROL
 NVRM _rmapiRmControl: ioctl 18: src: _rmapiRmControl in control.c else 600 getCtrlInfoStatus == NV_OK
 NVRM serverControl: ioctl 19: src: serverControl in re_server.c
 NVRM serverControl: ioctl 20: src: serverControl in re_server.c pServer->bUnlockedParamCopy
 NVRM serverControl: ioctl 20: src: serverControl in re_server.c pResourceRef->pSession != NULL
 NVRM serverControl: ioctl 19: src: serverControl in re_server.c Before resControl
 NVRM serverControl: ioctl 19: src: serverControl in re_server.c After resControl
 NVRM RmIoctl: ioctl 7: src: RmIoctl in escape.c cmd == NV_ESC_RM_CONTROL
 NVRM _rmapiRmControl: ioctl 18: src: _rmapiRmControl in control.c else 600 getCtrlInfoStatus == NV_OK
 NVRM serverControl: ioctl 19: src: serverControl in re_server.c
 NVRM serverControl: ioctl 20: src: serverControl in re_server.c pServer->bUnlockedParamCopy
 NVRM serverControl: ioctl 20: src: serverControl in re_server.c pResourceRef->pSession != NULL
 NVRM serverControl: ioctl 19: src: serverControl in re_server.c Before resControl
 NVRM serverControl: ioctl 19: src: serverControl in re_server.c After resControl
 NVRM RmIoctl: ioctl 7: src: RmIoctl in escape.c cmd == NV_ESC_RM_CONTROL
 NVRM _rmapiRmControl: ioctl 18: src: _rmapiRmControl in control.c else 600 getCtrlInfoStatus == NV_OK
 NVRM serverControl: ioctl 19: src: serverControl in re_server.c
 NVRM serverControl: ioctl 20: src: serverControl in re_server.c pServer->bUnlockedParamCopy
 NVRM serverControl: ioctl 20: src: serverControl in re_server.c pResourceRef->pSession != NULL
 NVRM serverControl: ioctl 19: src: serverControl in re_server.c Before resControl
 NVRM serverControl: ioctl 19: src: serverControl in re_server.c After resControl
