[ 2303.672761] =====================================   452

[ 2303.672776] =====================================   451

[ 2303.672784] =====================================   720

[ 2303.672792] =====================================   912
[ 2303.672805] =====================================   884
[ 2303.672824] =====================================   897
[ 2303.672828] =====================================   893
[ 2303.672834] =====================================   883
[ 2303.672838] =====================================   876
[ 2303.672843] =====================================   883
[ 2303.672846] =====================================   897
[ 2303.672851] =====================================   883
[ 2303.672854] =====================================   897
[ 2303.672858] =====================================   877
[ 2303.672864] =====================================   877
[ 2303.672868] =====================================   883
[ 2303.672871] =====================================   883
[ 2303.672875] =====================================   897
[ 2303.672881] =====================================   883
[ 2303.672885] =====================================   950
[ 2303.672902] =====================================   883
[ 2303.672924] =====================================   892
[ 2303.672931] =====================================   902
[ 2303.672935] =====================================   892
[ 2303.672941] =====================================   902
[ 2303.673764] =====================================   892
[ 2303.673772] =====================================   892
[ 2303.673780] =====================================   883
[ 2303.673783] =====================================   883
[ 2303.673787] =====================================   883
[ 2303.673790] =====================================   883
[ 2303.673794] =====================================   883
[ 2303.673797] =====================================   883
[ 2303.673801] =====================================   898
[ 2303.673804] =====================================   883
[ 2303.673808] =====================================   881
[ 2303.673811] =====================================   881
[ 2303.673815] =====================================   880
[ 2303.673818] =====================================   883
[ 2303.673822] =====================================   883
[ 2303.673825] =====================================   898
[ 2303.673829] =====================================   883
[ 2303.673832] =====================================   898
[ 2303.673836] =====================================   894
[ 2303.673840] =====================================   898
[ 2303.673860] =====================================   452

[ 2303.673865] =====================================   451

[ 2303.673871] =====================================   720

[ 2303.673877] =====================================   912
[ 2303.673882] =====================================   884
[ 2303.673888] =====================================   897
[ 2303.673892] =====================================   893
[ 2303.673896] =====================================   897
[ 2303.675156] =====================================   883
[ 2303.675161] =====================================   877
[ 2303.675166] =====================================   883
[ 2303.675171] =====================================   897
[ 2303.675176] =====================================   883
[ 2303.675180] =====================================   897
[ 2303.675185] =====================================   877
[ 2303.675191] =====================================   877
[ 2303.675195] =====================================   883
[ 2303.675200] =====================================   883
[ 2303.675205] =====================================   897
[ 2303.675210] =====================================   883
[ 2303.675215] =====================================   950
[ 2303.675222] =====================================   883
[ 2303.675230] =====================================   883
[ 2303.675235] =====================================   883
[ 2303.675244] =====================================   883
[ 2303.675249] =====================================   883
[ 2303.675255] =====================================   883
[ 2303.675260] =====================================   883
[ 2303.675264] =====================================   883
[ 2303.675269] =====================================   883
[ 2303.675274] =====================================   883
[ 2303.675278] =====================================   883
[ 2303.675283] =====================================   897
[ 2303.675290] =====================================   883
[ 2303.675295] =====================================   883
[ 2303.675300] =====================================   897
[ 2303.675312] =====================================   883
[ 2303.675316] =====================================   883
[ 2303.675322] =====================================   883
[ 2303.675327] =====================================   883
[ 2303.675331] =====================================   883
[ 2303.675335] =====================================   883
[ 2303.675339] =====================================   897
[ 2303.675343] =====================================   892
[ 2303.675347] =====================================   892
[ 2303.675352] =====================================   883
[ 2303.675356] =====================================   883
[ 2303.675362] =====================================   897
[ 2303.675366] =====================================   897
[ 2303.675370] =====================================   897
[ 2303.675374] =====================================   883
[ 2303.675377] =====================================   883
[ 2303.675385] =====================================   743
[ 2303.675400] =====================================   670
[ 2303.675439] =====================================   908
[ 2303.675443] =====================================   883
[ 2303.675446] =====================================   883
[ 2303.675449] =====================================   883
[ 2303.675453] =====================================   883
[ 2303.675456] =====================================   883
[ 2303.675459] =====================================   883
[ 2303.675464] =====================================   892
[ 2303.676152] =====================================   908
[ 2303.676158] =====================================   883
[ 2303.676163] =====================================   883
[ 2303.676171] =====================================   883
[ 2303.676174] =====================================   883
[ 2303.676179] =====================================   744
[ 2303.676183] =====================================   671
[ 2303.676212] =====================================   883
[ 2303.676215] =====================================   883
[ 2303.676219] =====================================   883
[ 2303.676222] =====================================   883
[ 2303.676226] =====================================   883
[ 2303.676230] =====================================   883
[ 2303.676234] =====================================   898
[ 2303.676238] =====================================   898
[ 2303.676242] =====================================   898
[ 2303.676247] =====================================   883
[ 2303.676251] =====================================   883
[ 2303.676255] =====================================   877
[ 2303.676260] =====================================   881
[ 2303.676264] =====================================   883
[ 2303.676274] =====================================   883
[ 2303.676277] =====================================   883
[ 2303.676288] =====================================   898
[ 2303.676292] =====================================   883
[ 2303.676296] =====================================   883
[ 2303.676299] =====================================   883
[ 2303.676302] =====================================   883
[ 2303.676306] =====================================   883
[ 2303.676309] =====================================   883
[ 2303.676313] =====================================   898
[ 2303.676319] =====================================   898
[ 2303.676328] =====================================   883
[ 2303.676332] =====================================   883
[ 2303.676335] =====================================   883
[ 2303.676339] =====================================   883
[ 2303.676342] =====================================   883
[ 2303.676345] =====================================   883
[ 2303.676349] =====================================   883
[ 2303.676352] =====================================   898
[ 2303.676356] =====================================   883
[ 2303.676359] =====================================   881
[ 2303.676363] =====================================   881
[ 2303.676367] =====================================   881
[ 2303.676370] =====================================   883
[ 2303.676374] =====================================   883
[ 2303.676377] =====================================   898
[ 2303.676381] =====================================   883
[ 2303.676384] =====================================   898
[ 2303.676388] =====================================   894
[ 2303.677231] =====================================   898
[ 2303.677455] =====================================   894
[ 2303.677460] =====================================   898
[ 2303.677494] =====================================   452

[ 2303.677499] =====================================   451

[ 2303.677505] =====================================   720

[ 2303.677512] =====================================   912
[ 2303.677518] =====================================   884
[ 2303.677528] =====================================   897
[ 2303.677532] =====================================   893
[ 2303.677536] =====================================   897
[ 2303.677550] =====================================   883
[ 2303.677554] =====================================   877
[ 2303.677558] =====================================   883
[ 2303.677562] =====================================   897
[ 2303.677566] =====================================   883
[ 2303.677569] =====================================   897
[ 2303.677573] =====================================   877
[ 2303.677577] =====================================   877
[ 2303.677581] =====================================   883
[ 2303.677584] =====================================   883
[ 2303.677588] =====================================   897
[ 2303.677593] =====================================   883
[ 2303.677597] =====================================   950
[ 2303.677603] =====================================   883
[ 2303.677609] =====================================   883
[ 2303.677613] =====================================   883
[ 2303.677618] =====================================   883
[ 2303.677622] =====================================   883
[ 2303.677626] =====================================   883
[ 2303.677629] =====================================   883
[ 2303.677633] =====================================   883
[ 2303.677636] =====================================   883
[ 2303.677640] =====================================   883
[ 2303.677643] =====================================   883
[ 2303.677647] =====================================   897
[ 2303.677652] =====================================   883
[ 2303.677655] =====================================   883
[ 2303.677660] =====================================   897
[ 2303.677668] =====================================   883
[ 2303.677671] =====================================   883
[ 2303.677674] =====================================   883
[ 2303.677677] =====================================   883
[ 2303.677681] =====================================   883
[ 2303.677684] =====================================   883
[ 2303.677687] =====================================   897
[ 2303.677691] =====================================   892
[ 2303.677695] =====================================   892
[ 2303.677700] =====================================   883
[ 2303.677703] =====================================   883
[ 2303.677709] =====================================   897
[ 2303.677712] =====================================   897
[ 2303.677716] =====================================   897
[ 2303.677720] =====================================   883
[ 2303.677723] =====================================   883
[ 2303.677729] =====================================   743
[ 2303.677733] =====================================   670
[ 2303.677743] =====================================   908
[ 2303.677747] =====================================   883
[ 2303.677750] =====================================   883
[ 2303.677753] =====================================   883
[ 2303.677757] =====================================   883
[ 2303.677760] =====================================   883
[ 2303.677763] =====================================   883
[ 2303.677767] =====================================   892
[ 2303.677776] =====================================   908
[ 2303.677780] =====================================   883
[ 2303.677783] =====================================   883
[ 2303.677788] =====================================   883
[ 2303.677792] =====================================   883
[ 2303.677795] =====================================   744
[ 2303.677798] =====================================   671
[ 2303.677805] =====================================   883
[ 2303.677808] =====================================   883
[ 2303.677812] =====================================   883
[ 2303.677815] =====================================   883
[ 2303.677818] =====================================   883
[ 2303.677821] =====================================   883
[ 2303.677825] =====================================   898
[ 2303.677828] =====================================   898
[ 2303.677832] =====================================   898
[ 2303.677835] =====================================   883
[ 2303.677839] =====================================   883
[ 2303.677843] =====================================   877
[ 2303.677848] =====================================   881
[ 2303.677851] =====================================   883
[ 2303.677858] =====================================   883
[ 2303.677861] =====================================   883
[ 2303.677869] =====================================   898
[ 2303.677872] =====================================   883
[ 2303.677875] =====================================   883
[ 2303.677879] =====================================   883
[ 2303.677882] =====================================   883
[ 2303.677885] =====================================   883
[ 2303.677888] =====================================   883
[ 2303.677892] =====================================   898
[ 2303.677896] =====================================   898
[ 2303.677903] =====================================   883
[ 2303.677907] =====================================   883
[ 2303.677910] =====================================   883
[ 2303.677913] =====================================   883
[ 2303.677916] =====================================   883
[ 2303.677920] =====================================   883
[ 2303.677923] =====================================   883
[ 2303.677926] =====================================   898
[ 2303.677930] =====================================   883
[ 2303.677933] =====================================   881
[ 2303.677936] =====================================   881
[ 2303.677940] =====================================   881
[ 2303.677943] =====================================   883
[ 2303.677946] =====================================   883
[ 2303.677950] =====================================   898
[ 2303.677954] =====================================   883
[ 2303.677957] =====================================   898
[ 2303.677961] =====================================   894
[ 2303.677969] =====================================   898
[ 2303.678032] =====================================   894
[ 2303.678036] =====================================   898
[ 2303.678055] =====================================   452

[ 2303.678060] =====================================   451

[ 2303.678066] =====================================   720

[ 2303.678072] =====================================   912
[ 2303.678078] =====================================   884
[ 2303.678084] =====================================   897
[ 2303.678089] =====================================   893
[ 2303.678094] =====================================   883
[ 2303.678098] =====================================   876
[ 2303.678102] =====================================   883
[ 2303.678105] =====================================   897
[ 2303.678109] =====================================   883
[ 2303.678112] =====================================   897
[ 2303.678116] =====================================   877
[ 2303.678120] =====================================   877
[ 2303.678123] =====================================   883
[ 2303.678126] =====================================   883
[ 2303.678130] =====================================   897
[ 2303.678134] =====================================   883
[ 2303.678137] =====================================   950
[ 2303.678145] =====================================   883
[ 2303.678164] =====================================   892
[ 2303.678172] =====================================   902
[ 2303.678175] =====================================   892
[ 2303.678180] =====================================   902
[ 2303.678184] =====================================   892
[ 2303.678189] =====================================   902
[ 2303.678598] =====================================   892
[ 2303.678603] =====================================   892
[ 2303.678610] =====================================   892
[ 2303.678616] =====================================   883
[ 2303.678620] =====================================   883
[ 2303.678623] =====================================   883
[ 2303.678626] =====================================   883
[ 2303.678629] =====================================   883
[ 2303.678633] =====================================   883
[ 2303.678636] =====================================   898
[ 2303.678640] =====================================   883
[ 2303.678643] =====================================   881
[ 2303.678646] =====================================   881
[ 2303.678650] =====================================   880
[ 2303.678653] =====================================   883
[ 2303.678657] =====================================   883
[ 2303.678660] =====================================   898
[ 2303.678664] =====================================   883
[ 2303.678667] =====================================   898
[ 2303.678671] =====================================   894
[ 2303.678675] =====================================   898
[ 2303.678683] =====================================   452

[ 2303.678688] =====================================   451

[ 2303.678694] =====================================   720

[ 2303.678700] =====================================   912
[ 2303.678705] =====================================   884
[ 2303.678710] =====================================   897
[ 2303.678714] =====================================   893
[ 2303.678718] =====================================   883
[ 2303.678722] =====================================   876
[ 2303.678725] =====================================   883
[ 2303.678729] =====================================   897
[ 2303.678733] =====================================   883
[ 2303.678736] =====================================   897
[ 2303.678740] =====================================   877
[ 2303.678743] =====================================   877
[ 2303.678747] =====================================   883
[ 2303.678750] =====================================   883
[ 2303.678753] =====================================   897
[ 2303.678758] =====================================   883
[ 2303.678761] =====================================   950
[ 2303.678767] =====================================   883
[ 2303.678776] =====================================   892
[ 2303.678782] =====================================   902
[ 2303.678785] =====================================   892
[ 2303.678790] =====================================   902
[ 2303.678793] =====================================   892
[ 2303.678798] =====================================   902
[ 2303.679075] =====================================   892
[ 2303.679079] =====================================   892
[ 2303.679087] =====================================   892
[ 2303.679093] =====================================   883
[ 2303.679096] =====================================   883
[ 2303.679099] =====================================   883
[ 2303.679103] =====================================   883
[ 2303.679106] =====================================   883
[ 2303.679109] =====================================   883
[ 2303.679112] =====================================   898
[ 2303.679116] =====================================   883
[ 2303.679141] =====================================   881
[ 2303.679146] =====================================   881
[ 2303.679150] =====================================   880
[ 2303.679154] =====================================   883
[ 2303.679159] =====================================   883
[ 2303.679163] =====================================   898
[ 2303.679168] =====================================   883
[ 2303.679173] =====================================   898
[ 2303.679178] =====================================   894
[ 2303.679184] =====================================   898
