[ 2524.256883] =====================================   452

[ 2524.256899] =====================================   451

[ 2524.256909] =====================================   720

[ 2524.256917] =====================================   912
[ 2524.256931] =====================================   884
[ 2524.256950] =====================================   897
[ 2524.256955] =====================================   893
[ 2524.256959] =====================================   897
[ 2524.257888] =====================================   893
[ 2524.258553] =====================================   883
[ 2524.258559] =====================================   877
[ 2524.258564] =====================================   883
[ 2524.258568] =====================================   897
[ 2524.258572] =====================================   883
[ 2524.258576] =====================================   897
[ 2524.258581] =====================================   877
[ 2524.258587] =====================================   877
[ 2524.258591] =====================================   883
[ 2524.258595] =====================================   883
[ 2524.258599] =====================================   897
[ 2524.258606] =====================================   883
[ 2524.258610] =====================================   950
[ 2524.258622] =====================================   883
[ 2524.258630] =====================================   883
[ 2524.258634] =====================================   883
[ 2524.258643] =====================================   883
[ 2524.258646] =====================================   883
[ 2524.258651] =====================================   883
[ 2524.258654] =====================================   883
[ 2524.258658] =====================================   883
[ 2524.258662] =====================================   883
[ 2524.258665] =====================================   883
[ 2524.258669] =====================================   883
[ 2524.258672] =====================================   897
[ 2524.258679] =====================================   883
[ 2524.258682] =====================================   883
[ 2524.258687] =====================================   897
[ 2524.258698] =====================================   883
[ 2524.258701] =====================================   883
[ 2524.258704] =====================================   883
[ 2524.258708] =====================================   883
[ 2524.258712] =====================================   883
[ 2524.258715] =====================================   883
[ 2524.258719] =====================================   897
[ 2524.258723] =====================================   892
[ 2524.258727] =====================================   892
[ 2524.258733] =====================================   883
[ 2524.258737] =====================================   883
[ 2524.258743] =====================================   897
[ 2524.258748] =====================================   897
[ 2524.258752] =====================================   897
[ 2524.258756] =====================================   883
[ 2524.258760] =====================================   883
[ 2524.258767] =====================================   743
[ 2524.258782] =====================================   670
[ 2524.258826] =====================================   908
[ 2524.258830] =====================================   883
[ 2524.258833] =====================================   883
[ 2524.258837] =====================================   883
[ 2524.258841] =====================================   883
[ 2524.258844] =====================================   883
[ 2524.258848] =====================================   883
[ 2524.258852] =====================================   892
[ 2524.259657] =====================================   908
[ 2524.259664] =====================================   883
[ 2524.259669] =====================================   883
[ 2524.259677] =====================================   883
[ 2524.259682] =====================================   883
[ 2524.259688] =====================================   744
[ 2524.259693] =====================================   671
[ 2524.259726] =====================================   883
[ 2524.259731] =====================================   883
[ 2524.259736] =====================================   883
[ 2524.259741] =====================================   883
[ 2524.259746] =====================================   883
[ 2524.259751] =====================================   883
[ 2524.259757] =====================================   898
[ 2524.259763] =====================================   898
[ 2524.259767] =====================================   898
[ 2524.259773] =====================================   883
[ 2524.259778] =====================================   883
[ 2524.259784] =====================================   877
[ 2524.259792] =====================================   881
[ 2524.259797] =====================================   883
[ 2524.259810] =====================================   883
[ 2524.259814] =====================================   883
[ 2524.259826] =====================================   898
[ 2524.259830] =====================================   883
[ 2524.259834] =====================================   883
[ 2524.259837] =====================================   883
[ 2524.259841] =====================================   883
[ 2524.259845] =====================================   883
[ 2524.259848] =====================================   883
[ 2524.259853] =====================================   898
[ 2524.259858] =====================================   898
[ 2524.259870] =====================================   883
[ 2524.259874] =====================================   883
[ 2524.259878] =====================================   883
[ 2524.259881] =====================================   883
[ 2524.259884] =====================================   883
[ 2524.259888] =====================================   883
[ 2524.259891] =====================================   883
[ 2524.259895] =====================================   898
[ 2524.259898] =====================================   883
[ 2524.259902] =====================================   881
[ 2524.259906] =====================================   881
[ 2524.259910] =====================================   881
[ 2524.259914] =====================================   883
[ 2524.259917] =====================================   883
[ 2524.259921] =====================================   898
[ 2524.259925] =====================================   883
[ 2524.259928] =====================================   898
[ 2524.259933] =====================================   898
[ 2524.260127] =====================================   894
[ 2524.260132] =====================================   898
[ 2524.260152] =====================================   452

[ 2524.260160] =====================================   451

[ 2524.260169] =====================================   720

[ 2524.260178] =====================================   912
[ 2524.260186] =====================================   884
[ 2524.260197] =====================================   883
[ 2524.260203] =====================================   876
[ 2524.260210] =====================================   883
[ 2524.260214] =====================================   897
[ 2524.260218] =====================================   883
[ 2524.260221] =====================================   897
[ 2524.260225] =====================================   877
[ 2524.260230] =====================================   877
[ 2524.260234] =====================================   883
[ 2524.260238] =====================================   883
[ 2524.260241] =====================================   897
[ 2524.260247] =====================================   883
[ 2524.260250] =====================================   950
[ 2524.260260] =====================================   883
[ 2524.260286] =====================================   902
[ 2524.260290] =====================================   892
[ 2524.260297] =====================================   902
[ 2524.262434] =====================================   892
[ 2524.262446] =====================================   883
[ 2524.262449] =====================================   883
[ 2524.262453] =====================================   883
[ 2524.262457] =====================================   883
[ 2524.262460] =====================================   883
[ 2524.262464] =====================================   883
[ 2524.262467] =====================================   898
[ 2524.262471] =====================================   883
[ 2524.262474] =====================================   881
[ 2524.262478] =====================================   881
[ 2524.262481] =====================================   880
[ 2524.262485] =====================================   883
[ 2524.262488] =====================================   883
[ 2524.262492] =====================================   898
[ 2524.262495] =====================================   883
[ 2524.262499] =====================================   898
[ 2524.262862] =====================================   452

[ 2524.262868] =====================================   451

[ 2524.262874] =====================================   720

[ 2524.262880] =====================================   912
[ 2524.262886] =====================================   884
[ 2524.262893] =====================================   897
[ 2524.262897] =====================================   893
[ 2524.262901] =====================================   883
[ 2524.262905] =====================================   876
[ 2524.262909] =====================================   883
[ 2524.262912] =====================================   897
[ 2524.262916] =====================================   883
[ 2524.262919] =====================================   897
[ 2524.262923] =====================================   877
[ 2524.262927] =====================================   877
[ 2524.262930] =====================================   883
[ 2524.262934] =====================================   883
[ 2524.262937] =====================================   897
[ 2524.262941] =====================================   883
[ 2524.262945] =====================================   950
[ 2524.262952] =====================================   883
[ 2524.262961] =====================================   892
[ 2524.262966] =====================================   902
[ 2524.262970] =====================================   892
[ 2524.262975] =====================================   902
[ 2524.263748] =====================================   892
[ 2524.263756] =====================================   892
[ 2524.263762] =====================================   883
[ 2524.263765] =====================================   883
[ 2524.263768] =====================================   883
[ 2524.263772] =====================================   883
[ 2524.263775] =====================================   883
[ 2524.263779] =====================================   883
[ 2524.263782] =====================================   898
[ 2524.263786] =====================================   883
[ 2524.263789] =====================================   881
[ 2524.263793] =====================================   881
[ 2524.263796] =====================================   880
[ 2524.263799] =====================================   883
[ 2524.263803] =====================================   883
[ 2524.263806] =====================================   898
[ 2524.263810] =====================================   883
[ 2524.263813] =====================================   898
[ 2524.263816] =====================================   894
[ 2524.263820] =====================================   898
[ 2524.263837] =====================================   452

[ 2524.263842] =====================================   451

[ 2524.263849] =====================================   720

[ 2524.263855] =====================================   912
[ 2524.263860] =====================================   884
[ 2524.263866] =====================================   897
[ 2524.263870] =====================================   893
[ 2524.263873] =====================================   897
[ 2524.264634] =====================================   883
[ 2524.264639] =====================================   877
[ 2524.264643] =====================================   883
[ 2524.264647] =====================================   897
[ 2524.264651] =====================================   883
[ 2524.264655] =====================================   897
[ 2524.264659] =====================================   877
[ 2524.264663] =====================================   877
[ 2524.264666] =====================================   883
[ 2524.264670] =====================================   883
[ 2524.264673] =====================================   897
[ 2524.264678] =====================================   883
[ 2524.264682] =====================================   950
[ 2524.264688] =====================================   883
[ 2524.264694] =====================================   883
[ 2524.264698] =====================================   883
[ 2524.264703] =====================================   883
[ 2524.264707] =====================================   883
[ 2524.264711] =====================================   883
[ 2524.264714] =====================================   883
[ 2524.264718] =====================================   883
[ 2524.264721] =====================================   883
[ 2524.264724] =====================================   883
[ 2524.264728] =====================================   883
[ 2524.264731] =====================================   897
[ 2524.264736] =====================================   883
[ 2524.264740] =====================================   883
[ 2524.264743] =====================================   897
[ 2524.264751] =====================================   883
[ 2524.264755] =====================================   883
[ 2524.264758] =====================================   883
[ 2524.264761] =====================================   883
[ 2524.264765] =====================================   883
[ 2524.264768] =====================================   883
[ 2524.264772] =====================================   897
[ 2524.264776] =====================================   892
[ 2524.264779] =====================================   892
[ 2524.264785] =====================================   883
[ 2524.264789] =====================================   883
[ 2524.264794] =====================================   897
[ 2524.264798] =====================================   897
[ 2524.264802] =====================================   897
[ 2524.264806] =====================================   883
[ 2524.264809] =====================================   883
[ 2524.264815] =====================================   743
[ 2524.264829] =====================================   670
[ 2524.264867] =====================================   908
[ 2524.264871] =====================================   883
[ 2524.264875] =====================================   883
[ 2524.264878] =====================================   883
[ 2524.264882] =====================================   883
[ 2524.264885] =====================================   883
[ 2524.264889] =====================================   883
[ 2524.264893] =====================================   892
[ 2524.265525] =====================================   908
[ 2524.265529] =====================================   883
[ 2524.265533] =====================================   883
[ 2524.265540] =====================================   883
[ 2524.265544] =====================================   883
[ 2524.265549] =====================================   744
[ 2524.265552] =====================================   671
[ 2524.265581] =====================================   883
[ 2524.265584] =====================================   883
[ 2524.265588] =====================================   883
[ 2524.265591] =====================================   883
[ 2524.265594] =====================================   883
[ 2524.265598] =====================================   883
[ 2524.265602] =====================================   898
[ 2524.265606] =====================================   898
[ 2524.265610] =====================================   898
[ 2524.265615] =====================================   883
[ 2524.265619] =====================================   883
[ 2524.265622] =====================================   877
[ 2524.265627] =====================================   881
[ 2524.265630] =====================================   883
[ 2524.265638] =====================================   883
[ 2524.265641] =====================================   883
[ 2524.265651] =====================================   898
[ 2524.265655] =====================================   883
[ 2524.265658] =====================================   883
[ 2524.265661] =====================================   883
[ 2524.265665] =====================================   883
[ 2524.265668] =====================================   883
[ 2524.265672] =====================================   883
[ 2524.265675] =====================================   898
[ 2524.265681] =====================================   898
[ 2524.265689] =====================================   883
[ 2524.265693] =====================================   883
[ 2524.265697] =====================================   883
[ 2524.265700] =====================================   883
[ 2524.265704] =====================================   883
[ 2524.265707] =====================================   883
[ 2524.265711] =====================================   883
[ 2524.265715] =====================================   898
[ 2524.265718] =====================================   883
[ 2524.265722] =====================================   881
[ 2524.265726] =====================================   881
[ 2524.265730] =====================================   881
[ 2524.265733] =====================================   883
[ 2524.265736] =====================================   883
[ 2524.265740] =====================================   898
[ 2524.265743] =====================================   883
[ 2524.265747] =====================================   898
[ 2524.265752] =====================================   894
[ 2524.266551] =====================================   898
[ 2524.266750] =====================================   894
[ 2524.266754] =====================================   898
[ 2524.266785] =====================================   452

[ 2524.266790] =====================================   451

[ 2524.266797] =====================================   720

[ 2524.266804] =====================================   912
[ 2524.266810] =====================================   884
[ 2524.266819] =====================================   897
[ 2524.266822] =====================================   893
[ 2524.266826] =====================================   897
[ 2524.266840] =====================================   883
[ 2524.266844] =====================================   877
[ 2524.266848] =====================================   883
[ 2524.266851] =====================================   897
[ 2524.266855] =====================================   883
[ 2524.266859] =====================================   897
[ 2524.266863] =====================================   877
[ 2524.266868] =====================================   877
[ 2524.266871] =====================================   883
[ 2524.266875] =====================================   883
[ 2524.266878] =====================================   897
[ 2524.266883] =====================================   883
[ 2524.266887] =====================================   950
[ 2524.266893] =====================================   883
[ 2524.266900] =====================================   883
[ 2524.266904] =====================================   883
[ 2524.266909] =====================================   883
[ 2524.266913] =====================================   883
[ 2524.266917] =====================================   883
[ 2524.266921] =====================================   883
[ 2524.266924] =====================================   883
[ 2524.266928] =====================================   883
[ 2524.266931] =====================================   883
[ 2524.266935] =====================================   883
[ 2524.266939] =====================================   897
[ 2524.266944] =====================================   883
[ 2524.266948] =====================================   883
[ 2524.266951] =====================================   897
[ 2524.266958] =====================================   883
[ 2524.266962] =====================================   883
[ 2524.266966] =====================================   883
[ 2524.266970] =====================================   883
[ 2524.266974] =====================================   883
[ 2524.266977] =====================================   883
[ 2524.266981] =====================================   897
[ 2524.266985] =====================================   892
[ 2524.266989] =====================================   892
[ 2524.266994] =====================================   883
[ 2524.266997] =====================================   883
[ 2524.267002] =====================================   897
[ 2524.267006] =====================================   897
[ 2524.267009] =====================================   897
[ 2524.267013] =====================================   883
[ 2524.267016] =====================================   883
[ 2524.267021] =====================================   743
[ 2524.267026] =====================================   670
[ 2524.267037] =====================================   908
[ 2524.267040] =====================================   883
[ 2524.267044] =====================================   883
[ 2524.267047] =====================================   883
[ 2524.267050] =====================================   883
[ 2524.267053] =====================================   883
[ 2524.267057] =====================================   883
[ 2524.267061] =====================================   892
[ 2524.267070] =====================================   908
[ 2524.267073] =====================================   883
[ 2524.267077] =====================================   883
[ 2524.267082] =====================================   883
[ 2524.267085] =====================================   883
[ 2524.267089] =====================================   744
[ 2524.267092] =====================================   671
[ 2524.267099] =====================================   883
[ 2524.267102] =====================================   883
[ 2524.267106] =====================================   883
[ 2524.267109] =====================================   883
[ 2524.267113] =====================================   883
[ 2524.267116] =====================================   883
[ 2524.267120] =====================================   898
[ 2524.267123] =====================================   898
[ 2524.267127] =====================================   898
[ 2524.267131] =====================================   883
[ 2524.267134] =====================================   883
[ 2524.267138] =====================================   877
[ 2524.267142] =====================================   881
[ 2524.267146] =====================================   883
[ 2524.267152] =====================================   883
[ 2524.267156] =====================================   883
[ 2524.267164] =====================================   898
[ 2524.267167] =====================================   883
[ 2524.267171] =====================================   883
[ 2524.267174] =====================================   883
[ 2524.267177] =====================================   883
[ 2524.267181] =====================================   883
[ 2524.267184] =====================================   883
[ 2524.267187] =====================================   898
[ 2524.267192] =====================================   898
[ 2524.267198] =====================================   883
[ 2524.267202] =====================================   883
[ 2524.267205] =====================================   883
[ 2524.267209] =====================================   883
[ 2524.267212] =====================================   883
[ 2524.267215] =====================================   883
[ 2524.267218] =====================================   883
[ 2524.267222] =====================================   898
[ 2524.267225] =====================================   883
[ 2524.267229] =====================================   881
[ 2524.267232] =====================================   881
[ 2524.267236] =====================================   881
[ 2524.267239] =====================================   883
[ 2524.267243] =====================================   883
[ 2524.267246] =====================================   898
[ 2524.267250] =====================================   883
[ 2524.267253] =====================================   898
[ 2524.267257] =====================================   894
[ 2524.267264] =====================================   898
[ 2524.267343] =====================================   894
[ 2524.267347] =====================================   898
[ 2524.267366] =====================================   452

[ 2524.267371] =====================================   451

[ 2524.267377] =====================================   720

[ 2524.267383] =====================================   912
[ 2524.267389] =====================================   884
[ 2524.267395] =====================================   897
[ 2524.267400] =====================================   893
[ 2524.267405] =====================================   883
[ 2524.267409] =====================================   876
[ 2524.267413] =====================================   883
[ 2524.267416] =====================================   897
[ 2524.267420] =====================================   883
[ 2524.267423] =====================================   897
[ 2524.267427] =====================================   877
[ 2524.267431] =====================================   877
[ 2524.267435] =====================================   883
[ 2524.267438] =====================================   883
[ 2524.267442] =====================================   897
[ 2524.267446] =====================================   883
[ 2524.267450] =====================================   950
[ 2524.267457] =====================================   883
[ 2524.267470] =====================================   892
[ 2524.267478] =====================================   902
[ 2524.267481] =====================================   892
[ 2524.267487] =====================================   902
[ 2524.267490] =====================================   892
[ 2524.267496] =====================================   902
[ 2524.267902] =====================================   892
[ 2524.267908] =====================================   892
[ 2524.267916] =====================================   892
[ 2524.267922] =====================================   883
[ 2524.267925] =====================================   883
[ 2524.267928] =====================================   883
[ 2524.267932] =====================================   883
[ 2524.267935] =====================================   883
[ 2524.267939] =====================================   883
[ 2524.267942] =====================================   898
[ 2524.267946] =====================================   883
[ 2524.267949] =====================================   881
[ 2524.267952] =====================================   881
[ 2524.267956] =====================================   880
[ 2524.267959] =====================================   883
[ 2524.267962] =====================================   883
[ 2524.267966] =====================================   898
[ 2524.267970] =====================================   883
[ 2524.267973] =====================================   898
[ 2524.267977] =====================================   894
[ 2524.267981] =====================================   898
[ 2524.267989] =====================================   452

[ 2524.267994] =====================================   451

[ 2524.268000] =====================================   720

[ 2524.268006] =====================================   912
[ 2524.268012] =====================================   884
[ 2524.268017] =====================================   897
[ 2524.268021] =====================================   893
[ 2524.268026] =====================================   883
[ 2524.268029] =====================================   876
[ 2524.268033] =====================================   883
[ 2524.268037] =====================================   897
[ 2524.268041] =====================================   883
[ 2524.268044] =====================================   897
[ 2524.268048] =====================================   877
[ 2524.268052] =====================================   877
[ 2524.268056] =====================================   883
[ 2524.268059] =====================================   883
[ 2524.268062] =====================================   897
[ 2524.268067] =====================================   883
[ 2524.268070] =====================================   950
[ 2524.268076] =====================================   883
[ 2524.268085] =====================================   892
[ 2524.268091] =====================================   902
[ 2524.268094] =====================================   892
[ 2524.268099] =====================================   902
[ 2524.268102] =====================================   892
[ 2524.268107] =====================================   902
[ 2524.268383] =====================================   892
[ 2524.268388] =====================================   892
[ 2524.268396] =====================================   892
[ 2524.268403] =====================================   883
[ 2524.268407] =====================================   883
[ 2524.268412] =====================================   883
[ 2524.268416] =====================================   883
[ 2524.268420] =====================================   883
[ 2524.268425] =====================================   883
[ 2524.268430] =====================================   898
[ 2524.268434] =====================================   883
[ 2524.268438] =====================================   881
[ 2524.268443] =====================================   881
[ 2524.268447] =====================================   880
[ 2524.268451] =====================================   883
[ 2524.268456] =====================================   883
[ 2524.268461] =====================================   898
[ 2524.268465] =====================================   883
[ 2524.268470] =====================================   898
[ 2524.268474] =====================================   894
[ 2524.268479] =====================================   898
[ 2524.285583] =====================================   452

[ 2524.285592] =====================================   451

[ 2524.285599] =====================================   720

[ 2524.285606] =====================================   912
[ 2524.285615] =====================================   884
[ 2524.285627] =====================================   897
[ 2524.285631] =====================================   893
[ 2524.285635] =====================================   897
[ 2524.286226] =====================================   893
[ 2524.286826] =====================================   883
[ 2524.286831] =====================================   877
[ 2524.286835] =====================================   883
[ 2524.286839] =====================================   897
[ 2524.286843] =====================================   883
[ 2524.286847] =====================================   897
[ 2524.286851] =====================================   877
[ 2524.286856] =====================================   877
[ 2524.286860] =====================================   883
[ 2524.286864] =====================================   883
[ 2524.286867] =====================================   897
[ 2524.286873] =====================================   883
[ 2524.286877] =====================================   950
[ 2524.286885] =====================================   883
[ 2524.286892] =====================================   883
[ 2524.286896] =====================================   883
[ 2524.286902] =====================================   883
[ 2524.286905] =====================================   883
[ 2524.286910] =====================================   883
[ 2524.286914] =====================================   883
[ 2524.286917] =====================================   883
[ 2524.286921] =====================================   883
[ 2524.286924] =====================================   883
[ 2524.286927] =====================================   883
[ 2524.286931] =====================================   897
[ 2524.286936] =====================================   883
[ 2524.286940] =====================================   883
[ 2524.286944] =====================================   897
[ 2524.286952] =====================================   883
[ 2524.286955] =====================================   883
[ 2524.286959] =====================================   883
[ 2524.286962] =====================================   883
[ 2524.286965] =====================================   883
[ 2524.286969] =====================================   883
[ 2524.286973] =====================================   897
[ 2524.286977] =====================================   892
[ 2524.286981] =====================================   892
[ 2524.286986] =====================================   883
[ 2524.286990] =====================================   883
[ 2524.286995] =====================================   897
[ 2524.287000] =====================================   897
[ 2524.287003] =====================================   897
[ 2524.287008] =====================================   883
[ 2524.287011] =====================================   883
[ 2524.287017] =====================================   743
[ 2524.287030] =====================================   670
[ 2524.287071] =====================================   908
[ 2524.287075] =====================================   883
[ 2524.287078] =====================================   883
[ 2524.287082] =====================================   883
[ 2524.287086] =====================================   883
[ 2524.287089] =====================================   883
[ 2524.287092] =====================================   883
[ 2524.287097] =====================================   892
[ 2524.287742] =====================================   908
[ 2524.287747] =====================================   883
[ 2524.287751] =====================================   883
[ 2524.287758] =====================================   883
[ 2524.287761] =====================================   883
[ 2524.287766] =====================================   744
[ 2524.287769] =====================================   671
[ 2524.287797] =====================================   883
[ 2524.287800] =====================================   883
[ 2524.287804] =====================================   883
[ 2524.287808] =====================================   883
[ 2524.287811] =====================================   883
[ 2524.287815] =====================================   883
[ 2524.287819] =====================================   898
[ 2524.287823] =====================================   898
[ 2524.287827] =====================================   898
[ 2524.287832] =====================================   883
[ 2524.287835] =====================================   883
[ 2524.287839] =====================================   877
[ 2524.287843] =====================================   881
[ 2524.287847] =====================================   883
[ 2524.287855] =====================================   883
[ 2524.287858] =====================================   883
[ 2524.287868] =====================================   898
[ 2524.287871] =====================================   883
[ 2524.287875] =====================================   883
[ 2524.287878] =====================================   883
[ 2524.287882] =====================================   883
[ 2524.287885] =====================================   883
[ 2524.287888] =====================================   883
[ 2524.287893] =====================================   898
[ 2524.287898] =====================================   898
[ 2524.287907] =====================================   883
[ 2524.287911] =====================================   883
[ 2524.287914] =====================================   883
[ 2524.287918] =====================================   883
[ 2524.287921] =====================================   883
[ 2524.287925] =====================================   883
[ 2524.287928] =====================================   883
[ 2524.287932] =====================================   898
[ 2524.287936] =====================================   883
[ 2524.287940] =====================================   881
[ 2524.287943] =====================================   881
[ 2524.287947] =====================================   881
[ 2524.287950] =====================================   883
[ 2524.287954] =====================================   883
[ 2524.287957] =====================================   898
[ 2524.287961] =====================================   883
[ 2524.287965] =====================================   898
[ 2524.287969] =====================================   898
[ 2524.288152] =====================================   894
[ 2524.288157] =====================================   898
[ 2524.288171] =====================================   452

[ 2524.288177] =====================================   451

[ 2524.288184] =====================================   720

[ 2524.288190] =====================================   912
[ 2524.288196] =====================================   884
[ 2524.288203] =====================================   883
[ 2524.288207] =====================================   876
[ 2524.288211] =====================================   883
[ 2524.288215] =====================================   897
[ 2524.288219] =====================================   883
[ 2524.288223] =====================================   897
[ 2524.288226] =====================================   877
[ 2524.288231] =====================================   877
[ 2524.288236] =====================================   883
[ 2524.288241] =====================================   883
[ 2524.288245] =====================================   897
[ 2524.288252] =====================================   883
[ 2524.288258] =====================================   950
[ 2524.288267] =====================================   883
[ 2524.288282] =====================================   902
[ 2524.288287] =====================================   892
[ 2524.288293] =====================================   902
[ 2524.290289] =====================================   892
[ 2524.290299] =====================================   883
[ 2524.290303] =====================================   883
[ 2524.290306] =====================================   883
[ 2524.290311] =====================================   883
[ 2524.290314] =====================================   883
[ 2524.290318] =====================================   883
[ 2524.290322] =====================================   898
[ 2524.290325] =====================================   883
[ 2524.290329] =====================================   881
[ 2524.290332] =====================================   881
[ 2524.290336] =====================================   880
[ 2524.290339] =====================================   883
[ 2524.290342] =====================================   883
[ 2524.290346] =====================================   898
[ 2524.290349] =====================================   883
[ 2524.290353] =====================================   898
[ 2524.290686] =====================================   452

[ 2524.290691] =====================================   451

[ 2524.290698] =====================================   720

[ 2524.290704] =====================================   912
[ 2524.290710] =====================================   884
[ 2524.290717] =====================================   897
[ 2524.290721] =====================================   893
[ 2524.290725] =====================================   883
[ 2524.290728] =====================================   876
[ 2524.290732] =====================================   883
[ 2524.290735] =====================================   897
[ 2524.290739] =====================================   883
[ 2524.290743] =====================================   897
[ 2524.290747] =====================================   877
[ 2524.290750] =====================================   877
[ 2524.290754] =====================================   883
[ 2524.290758] =====================================   883
[ 2524.290761] =====================================   897
[ 2524.290765] =====================================   883
[ 2524.290769] =====================================   950
[ 2524.290776] =====================================   883
[ 2524.290785] =====================================   892
[ 2524.290789] =====================================   902
[ 2524.290793] =====================================   892
[ 2524.290798] =====================================   902
[ 2524.291561] =====================================   892
[ 2524.291568] =====================================   892
[ 2524.291574] =====================================   883
[ 2524.291577] =====================================   883
[ 2524.291581] =====================================   883
[ 2524.291585] =====================================   883
[ 2524.291588] =====================================   883
[ 2524.291591] =====================================   883
[ 2524.291595] =====================================   898
[ 2524.291599] =====================================   883
[ 2524.291603] =====================================   881
[ 2524.291606] =====================================   881
[ 2524.291625] =====================================   880
[ 2524.291629] =====================================   883
[ 2524.291634] =====================================   883
[ 2524.291638] =====================================   898
[ 2524.291643] =====================================   883
[ 2524.291648] =====================================   898
[ 2524.291654] =====================================   894
[ 2524.291659] =====================================   898
[ 2524.291672] =====================================   452

[ 2524.291679] =====================================   451

[ 2524.291688] =====================================   720

[ 2524.291696] =====================================   912
[ 2524.291703] =====================================   884
[ 2524.291711] =====================================   897
[ 2524.291716] =====================================   893
[ 2524.291721] =====================================   897
[ 2524.292465] =====================================   883
[ 2524.292470] =====================================   877
[ 2524.292474] =====================================   883
[ 2524.292478] =====================================   897
[ 2524.292482] =====================================   883
[ 2524.292485] =====================================   897
[ 2524.292490] =====================================   877
[ 2524.292494] =====================================   877
[ 2524.292497] =====================================   883
[ 2524.292501] =====================================   883
[ 2524.292504] =====================================   897
[ 2524.292508] =====================================   883
[ 2524.292512] =====================================   950
[ 2524.292517] =====================================   883
[ 2524.292523] =====================================   883
[ 2524.292527] =====================================   883
[ 2524.292532] =====================================   883
[ 2524.292535] =====================================   883
[ 2524.292539] =====================================   883
[ 2524.292543] =====================================   883
[ 2524.292546] =====================================   883
[ 2524.292550] =====================================   883
[ 2524.292553] =====================================   883
[ 2524.292557] =====================================   883
[ 2524.292561] =====================================   897
[ 2524.292566] =====================================   883
[ 2524.292569] =====================================   883
[ 2524.292574] =====================================   897
[ 2524.292581] =====================================   883
[ 2524.292584] =====================================   883
[ 2524.292588] =====================================   883
[ 2524.292591] =====================================   883
[ 2524.292594] =====================================   883
[ 2524.292598] =====================================   883
[ 2524.292601] =====================================   897
[ 2524.292605] =====================================   892
[ 2524.292609] =====================================   892
[ 2524.292614] =====================================   883
[ 2524.292617] =====================================   883
[ 2524.292622] =====================================   897
[ 2524.292626] =====================================   897
[ 2524.292630] =====================================   897
[ 2524.292634] =====================================   883
[ 2524.292638] =====================================   883
[ 2524.292643] =====================================   743
[ 2524.292655] =====================================   670
[ 2524.292693] =====================================   908
[ 2524.292697] =====================================   883
[ 2524.292700] =====================================   883
[ 2524.292704] =====================================   883
[ 2524.292707] =====================================   883
[ 2524.292710] =====================================   883
[ 2524.292714] =====================================   883
[ 2524.292718] =====================================   892
[ 2524.293340] =====================================   908
[ 2524.293344] =====================================   883
[ 2524.293348] =====================================   883
[ 2524.293354] =====================================   883
[ 2524.293357] =====================================   883
[ 2524.293361] =====================================   744
[ 2524.293364] =====================================   671
[ 2524.293392] =====================================   883
[ 2524.293395] =====================================   883
[ 2524.293399] =====================================   883
[ 2524.293402] =====================================   883
[ 2524.293406] =====================================   883
[ 2524.293409] =====================================   883
[ 2524.293414] =====================================   898
[ 2524.293417] =====================================   898
[ 2524.293421] =====================================   898
[ 2524.293426] =====================================   883
[ 2524.293429] =====================================   883
[ 2524.293433] =====================================   877
[ 2524.293438] =====================================   881
[ 2524.293442] =====================================   883
[ 2524.293448] =====================================   883
[ 2524.293452] =====================================   883
[ 2524.293459] =====================================   898
[ 2524.293463] =====================================   883
[ 2524.293467] =====================================   883
[ 2524.293470] =====================================   883
[ 2524.293474] =====================================   883
[ 2524.293477] =====================================   883
[ 2524.293481] =====================================   883
[ 2524.293485] =====================================   898
[ 2524.293490] =====================================   898
[ 2524.293498] =====================================   883
[ 2524.293502] =====================================   883
[ 2524.293506] =====================================   883
[ 2524.293509] =====================================   883
[ 2524.293512] =====================================   883
[ 2524.293516] =====================================   883
[ 2524.293520] =====================================   883
[ 2524.293524] =====================================   898
[ 2524.293527] =====================================   883
[ 2524.293531] =====================================   881
[ 2524.293535] =====================================   881
[ 2524.293539] =====================================   881
[ 2524.293542] =====================================   883
[ 2524.293546] =====================================   883
[ 2524.293550] =====================================   898
[ 2524.293553] =====================================   883
[ 2524.293557] =====================================   898
[ 2524.293561] =====================================   894
[ 2524.294249] =====================================   898
[ 2524.294444] =====================================   894
[ 2524.294448] =====================================   898
[ 2524.294475] =====================================   452

[ 2524.294481] =====================================   451

[ 2524.294487] =====================================   720

[ 2524.294494] =====================================   912
[ 2524.294500] =====================================   884
[ 2524.294508] =====================================   897
[ 2524.294512] =====================================   893
[ 2524.294516] =====================================   897
[ 2524.294528] =====================================   883
[ 2524.294531] =====================================   877
[ 2524.294535] =====================================   883
[ 2524.294539] =====================================   897
[ 2524.294543] =====================================   883
[ 2524.294547] =====================================   897
[ 2524.294551] =====================================   877
[ 2524.294556] =====================================   877
[ 2524.294559] =====================================   883
[ 2524.294563] =====================================   883
[ 2524.294566] =====================================   897
[ 2524.294571] =====================================   883
[ 2524.294575] =====================================   950
[ 2524.294581] =====================================   883
[ 2524.294587] =====================================   883
[ 2524.294591] =====================================   883
[ 2524.294596] =====================================   883
[ 2524.294599] =====================================   883
[ 2524.294603] =====================================   883
[ 2524.294606] =====================================   883
[ 2524.294610] =====================================   883
[ 2524.294614] =====================================   883
[ 2524.294617] =====================================   883
[ 2524.294621] =====================================   883
[ 2524.294624] =====================================   897
[ 2524.294629] =====================================   883
[ 2524.294633] =====================================   883
[ 2524.294637] =====================================   897
[ 2524.294643] =====================================   883
[ 2524.294647] =====================================   883
[ 2524.294650] =====================================   883
[ 2524.294653] =====================================   883
[ 2524.294657] =====================================   883
[ 2524.294660] =====================================   883
[ 2524.294664] =====================================   897
[ 2524.294667] =====================================   892
[ 2524.294671] =====================================   892
[ 2524.294676] =====================================   883
[ 2524.294680] =====================================   883
[ 2524.294684] =====================================   897
[ 2524.294689] =====================================   897
[ 2524.294693] =====================================   897
[ 2524.294697] =====================================   883
[ 2524.294701] =====================================   883
[ 2524.294706] =====================================   743
[ 2524.294710] =====================================   670
[ 2524.294721] =====================================   908
[ 2524.294725] =====================================   883
[ 2524.294728] =====================================   883
[ 2524.294732] =====================================   883
[ 2524.294736] =====================================   883
[ 2524.294739] =====================================   883
[ 2524.294742] =====================================   883
[ 2524.294746] =====================================   892
[ 2524.294755] =====================================   908
[ 2524.294759] =====================================   883
[ 2524.294762] =====================================   883
[ 2524.294767] =====================================   883
[ 2524.294770] =====================================   883
[ 2524.294773] =====================================   744
[ 2524.294777] =====================================   671
[ 2524.294783] =====================================   883
[ 2524.294786] =====================================   883
[ 2524.294789] =====================================   883
[ 2524.294793] =====================================   883
[ 2524.294796] =====================================   883
[ 2524.294799] =====================================   883
[ 2524.294803] =====================================   898
[ 2524.294806] =====================================   898
[ 2524.294810] =====================================   898
[ 2524.294814] =====================================   883
[ 2524.294817] =====================================   883
[ 2524.294821] =====================================   877
[ 2524.294825] =====================================   881
[ 2524.294829] =====================================   883
[ 2524.294835] =====================================   883
[ 2524.294838] =====================================   883
[ 2524.294845] =====================================   898
[ 2524.294849] =====================================   883
[ 2524.294852] =====================================   883
[ 2524.294855] =====================================   883
[ 2524.294859] =====================================   883
[ 2524.294862] =====================================   883
[ 2524.294865] =====================================   883
[ 2524.294869] =====================================   898
[ 2524.294873] =====================================   898
[ 2524.294880] =====================================   883
[ 2524.294883] =====================================   883
[ 2524.294887] =====================================   883
[ 2524.294890] =====================================   883
[ 2524.294893] =====================================   883
[ 2524.294896] =====================================   883
[ 2524.294900] =====================================   883
[ 2524.294903] =====================================   898
[ 2524.294906] =====================================   883
[ 2524.294910] =====================================   881
[ 2524.294913] =====================================   881
[ 2524.294916] =====================================   881
[ 2524.294920] =====================================   883
[ 2524.294923] =====================================   883
[ 2524.294926] =====================================   898
[ 2524.294930] =====================================   883
[ 2524.294933] =====================================   898
[ 2524.294937] =====================================   894
[ 2524.294944] =====================================   898
[ 2524.295017] =====================================   894
[ 2524.295021] =====================================   898
[ 2524.295039] =====================================   452

[ 2524.295044] =====================================   451

[ 2524.295050] =====================================   720

[ 2524.295056] =====================================   912
[ 2524.295062] =====================================   884
[ 2524.295068] =====================================   897
[ 2524.295072] =====================================   893
[ 2524.295077] =====================================   883
[ 2524.295081] =====================================   876
[ 2524.295084] =====================================   883
[ 2524.295088] =====================================   897
[ 2524.295092] =====================================   883
[ 2524.295095] =====================================   897
[ 2524.295099] =====================================   877
[ 2524.295103] =====================================   877
[ 2524.295107] =====================================   883
[ 2524.295110] =====================================   883
[ 2524.295114] =====================================   897
[ 2524.295118] =====================================   883
[ 2524.295122] =====================================   950
[ 2524.295129] =====================================   883
[ 2524.295138] =====================================   892
[ 2524.295146] =====================================   902
[ 2524.295149] =====================================   892
[ 2524.295154] =====================================   902
[ 2524.295157] =====================================   892
[ 2524.295163] =====================================   902
[ 2524.295569] =====================================   892
[ 2524.295573] =====================================   892
[ 2524.295581] =====================================   892
[ 2524.295587] =====================================   883
[ 2524.295591] =====================================   883
[ 2524.295594] =====================================   883
[ 2524.295598] =====================================   883
[ 2524.295601] =====================================   883
[ 2524.295604] =====================================   883
[ 2524.295623] =====================================   898
[ 2524.295628] =====================================   883
[ 2524.295632] =====================================   881
[ 2524.295636] =====================================   881
[ 2524.295641] =====================================   880
[ 2524.295646] =====================================   883
[ 2524.295650] =====================================   883
[ 2524.295656] =====================================   898
[ 2524.295661] =====================================   883
[ 2524.295665] =====================================   898
[ 2524.295669] =====================================   894
[ 2524.295675] =====================================   898
[ 2524.295684] =====================================   452

[ 2524.295691] =====================================   451

[ 2524.295700] =====================================   720

[ 2524.295708] =====================================   912
[ 2524.295715] =====================================   884
[ 2524.295722] =====================================   897
[ 2524.295728] =====================================   893
[ 2524.295734] =====================================   883
[ 2524.295738] =====================================   876
[ 2524.295743] =====================================   883
[ 2524.295748] =====================================   897
[ 2524.295753] =====================================   883
[ 2524.295758] =====================================   897
[ 2524.295762] =====================================   877
[ 2524.295767] =====================================   877
[ 2524.295772] =====================================   883
[ 2524.295776] =====================================   883
[ 2524.295780] =====================================   897
[ 2524.295785] =====================================   883
[ 2524.295789] =====================================   950
[ 2524.295796] =====================================   883
[ 2524.295807] =====================================   892
[ 2524.295814] =====================================   902
[ 2524.295819] =====================================   892
[ 2524.295824] =====================================   902
[ 2524.295829] =====================================   892
[ 2524.295835] =====================================   902
[ 2524.296109] =====================================   892
[ 2524.296114] =====================================   892
[ 2524.296121] =====================================   892
[ 2524.296127] =====================================   883
[ 2524.296130] =====================================   883
[ 2524.296134] =====================================   883
[ 2524.296137] =====================================   883
[ 2524.296140] =====================================   883
[ 2524.296143] =====================================   883
[ 2524.296147] =====================================   898
[ 2524.296150] =====================================   883
[ 2524.296153] =====================================   881
[ 2524.296157] =====================================   881
[ 2524.296160] =====================================   880
[ 2524.296163] =====================================   883
[ 2524.296166] =====================================   883
[ 2524.296170] =====================================   898
[ 2524.296173] =====================================   883
[ 2524.296176] =====================================   898
[ 2524.296180] =====================================   894
[ 2524.296184] =====================================   898
[ 2524.312125] =====================================   452

[ 2524.312134] =====================================   451

[ 2524.312142] =====================================   720

[ 2524.312148] =====================================   912
[ 2524.312158] =====================================   884
[ 2524.312167] =====================================   897
[ 2524.312171] =====================================   893
[ 2524.312175] =====================================   897
[ 2524.312720] =====================================   893
[ 2524.313325] =====================================   883
[ 2524.313330] =====================================   877
[ 2524.313334] =====================================   883
[ 2524.313338] =====================================   897
[ 2524.313342] =====================================   883
[ 2524.313346] =====================================   897
[ 2524.313350] =====================================   877
[ 2524.313355] =====================================   877
[ 2524.313359] =====================================   883
[ 2524.313363] =====================================   883
[ 2524.313366] =====================================   897
[ 2524.313372] =====================================   883
[ 2524.313376] =====================================   950
[ 2524.313384] =====================================   883
[ 2524.313390] =====================================   883
[ 2524.313394] =====================================   883
[ 2524.313400] =====================================   883
[ 2524.313404] =====================================   883
[ 2524.313408] =====================================   883
[ 2524.313412] =====================================   883
[ 2524.313415] =====================================   883
[ 2524.313419] =====================================   883
[ 2524.313422] =====================================   883
[ 2524.313426] =====================================   883
[ 2524.313430] =====================================   897
[ 2524.313435] =====================================   883
[ 2524.313438] =====================================   883
[ 2524.313443] =====================================   897
[ 2524.313451] =====================================   883
[ 2524.313454] =====================================   883
[ 2524.313458] =====================================   883
[ 2524.313461] =====================================   883
[ 2524.313464] =====================================   883
[ 2524.313468] =====================================   883
[ 2524.313472] =====================================   897
[ 2524.313476] =====================================   892
[ 2524.313479] =====================================   892
[ 2524.313484] =====================================   883
[ 2524.313488] =====================================   883
[ 2524.313493] =====================================   897
[ 2524.313498] =====================================   897
[ 2524.313502] =====================================   897
[ 2524.313506] =====================================   883
[ 2524.313509] =====================================   883
[ 2524.313515] =====================================   743
[ 2524.313526] =====================================   670
[ 2524.313566] =====================================   908
[ 2524.313570] =====================================   883
[ 2524.313573] =====================================   883
[ 2524.313577] =====================================   883
[ 2524.313581] =====================================   883
[ 2524.313584] =====================================   883
[ 2524.313588] =====================================   883
[ 2524.313592] =====================================   892
[ 2524.314217] =====================================   908
[ 2524.314222] =====================================   883
[ 2524.314226] =====================================   883
[ 2524.314233] =====================================   883
[ 2524.314236] =====================================   883
[ 2524.314241] =====================================   744
[ 2524.314244] =====================================   671
[ 2524.314273] =====================================   883
[ 2524.314276] =====================================   883
[ 2524.314280] =====================================   883
[ 2524.314283] =====================================   883
[ 2524.314287] =====================================   883
[ 2524.314291] =====================================   883
[ 2524.314295] =====================================   898
[ 2524.314299] =====================================   898
[ 2524.314303] =====================================   898
[ 2524.314307] =====================================   883
[ 2524.314311] =====================================   883
[ 2524.314315] =====================================   877
[ 2524.314320] =====================================   881
[ 2524.314323] =====================================   883
[ 2524.314331] =====================================   883
[ 2524.314334] =====================================   883
[ 2524.314343] =====================================   898
[ 2524.314347] =====================================   883
[ 2524.314350] =====================================   883
[ 2524.314354] =====================================   883
[ 2524.314357] =====================================   883
[ 2524.314361] =====================================   883
[ 2524.314365] =====================================   883
[ 2524.314369] =====================================   898
[ 2524.314374] =====================================   898
[ 2524.314383] =====================================   883
[ 2524.314387] =====================================   883
[ 2524.314391] =====================================   883
[ 2524.314395] =====================================   883
[ 2524.314398] =====================================   883
[ 2524.314402] =====================================   883
[ 2524.314405] =====================================   883
[ 2524.314409] =====================================   898
[ 2524.314412] =====================================   883
[ 2524.314416] =====================================   881
[ 2524.314420] =====================================   881
[ 2524.314423] =====================================   881
[ 2524.314427] =====================================   883
[ 2524.314430] =====================================   883
[ 2524.314434] =====================================   898
[ 2524.314438] =====================================   883
[ 2524.314441] =====================================   898
[ 2524.314446] =====================================   898
[ 2524.314624] =====================================   894
[ 2524.314629] =====================================   898
[ 2524.314642] =====================================   452

[ 2524.314647] =====================================   451

[ 2524.314654] =====================================   720

[ 2524.314660] =====================================   912
[ 2524.314666] =====================================   884
[ 2524.314674] =====================================   883
[ 2524.314677] =====================================   876
[ 2524.314681] =====================================   883
[ 2524.314685] =====================================   897
[ 2524.314689] =====================================   883
[ 2524.314692] =====================================   897
[ 2524.314696] =====================================   877
[ 2524.314700] =====================================   877
[ 2524.314704] =====================================   883
[ 2524.314707] =====================================   883
[ 2524.314711] =====================================   897
[ 2524.314716] =====================================   883
[ 2524.314719] =====================================   950
[ 2524.314727] =====================================   883
[ 2524.314739] =====================================   902
[ 2524.314743] =====================================   892
[ 2524.314749] =====================================   902
[ 2524.316744] =====================================   892
[ 2524.316756] =====================================   883
[ 2524.316760] =====================================   883
[ 2524.316764] =====================================   883
[ 2524.316767] =====================================   883
[ 2524.316771] =====================================   883
[ 2524.316775] =====================================   883
[ 2524.316778] =====================================   898
[ 2524.316782] =====================================   883
[ 2524.316786] =====================================   881
[ 2524.316789] =====================================   881
[ 2524.316792] =====================================   880
[ 2524.316796] =====================================   883
[ 2524.316799] =====================================   883
[ 2524.316803] =====================================   898
[ 2524.316806] =====================================   883
[ 2524.316810] =====================================   898
